SF:lib/features/medications/medication_repository.dart
DA:4,3
DA:6,10
LF:2
LH:2
end_of_record
SF:lib/features/medications/medication.dart
DA:2,3
DA:14,1
DA:15,3
DA:16,3
DA:17,3
DA:18,3
LF:6
LH:6
end_of_record
SF:lib/core/accessibility/accessibility_controller.dart
DA:6,6
DA:15,12
DA:16,2
DA:18,5
DA:19,15
DA:20,5
DA:21,5
DA:24,2
DA:25,2
DA:26,2
DA:29,12
DA:31,1
DA:32,1
DA:33,1
LF:14
LH:14
end_of_record
SF:lib/core/accessibility/accessibility_settings.dart
DA:7,4
DA:23,2
DA:30,2
DA:31,1
DA:32,1
DA:33,1
DA:34,1
DA:35,2
DA:36,2
LF:9
LH:9
end_of_record
SF:lib/core/accessibility/accessibility_settings_store.dart
DA:11,0
DA:13,0
DA:17,0
DA:19,0
DA:20,0
DA:21,0
DA:22,0
DA:23,0
DA:25,0
DA:27,0
DA:29,0
DA:31,0
DA:33,0
DA:37,0
DA:39,0
DA:40,0
DA:42,0
DA:44,0
DA:45,0
DA:47,0
DA:49,0
DA:50,0
DA:52,0
DA:54,0
DA:56,0
LF:25
LH:0
end_of_record
SF:lib/features/care/care_recipient.dart
DA:2,1
DA:12,1
DA:13,3
DA:14,3
DA:15,3
LF:5
LH:5
end_of_record
SF:lib/features/care/care_repository.dart
DA:4,1
DA:6,1
LF:2
LH:2
end_of_record
SF:lib/features/messages/message.dart
DA:2,2
DA:12,1
DA:13,3
DA:14,3
DA:15,3
LF:5
LH:5
end_of_record
SF:lib/features/messages/message_repository.dart
DA:4,2
DA:6,6
LF:2
LH:2
end_of_record
SF:lib/app/app.dart
DA:18,4
DA:38,4
DA:39,4
DA:49,4
DA:51,4
DA:52,8
DA:53,8
DA:54,4
DA:55,4
DA:56,8
DA:57,8
DA:59,8
DA:60,4
DA:62,8
DA:64,8
DA:66,4
DA:67,0
DA:68,4
DA:69,8
DA:71,8
DA:73,4
DA:74,0
DA:75,4
DA:76,8
DA:77,2
DA:78,2
DA:80,12
DA:81,8
DA:82,8
DA:83,4
DA:88,2
DA:89,5
DA:90,4
DA:91,1
DA:92,2
DA:93,2
DA:96,4
DA:98,8
DA:99,8
DA:100,12
DA:101,8
DA:102,8
DA:103,8
DA:104,4
DA:107,4
DA:109,4
DA:110,8
DA:113,2
DA:114,4
DA:118,4
DA:119,4
DA:120,8
DA:121,8
DA:122,8
DA:123,8
DA:125,4
DA:126,4
DA:127,4
DA:128,4
DA:131,8
DA:132,8
DA:133,4
DA:134,4
DA:135,4
DA:136,4
DA:138,4
DA:139,4
DA:140,8
DA:141,8
DA:142,4
DA:143,4
DA:144,4
DA:145,8
DA:148,8
DA:153,4
LF:75
LH:73
end_of_record
SF:lib/app/app_router.dart
DA:16,4
DA:19,4
DA:21,4
DA:22,4
DA:24,4
DA:26,2
DA:27,2
DA:30,4
DA:32,2
DA:34,2
DA:37,4
DA:39,4
DA:40,12
DA:41,4
DA:42,8
DA:45,4
DA:47,3
DA:48,3
DA:49,3
DA:52,3
DA:53,3
DA:54,3
DA:58,4
DA:60,3
DA:61,3
DA:62,3
DA:65,6
DA:68,4
DA:70,3
DA:71,3
DA:72,3
DA:75,6
DA:78,4
DA:80,3
DA:81,6
DA:83,4
DA:85,1
DA:88,0
DA:93,2
DA:97,0
DA:98,0
DA:99,0
DA:100,0
LF:43
LH:38
end_of_record
SF:lib/app/theme/app_theme.dart
DA:7,10
DA:17,8
DA:27,5
DA:36,5
DA:47,5
DA:48,5
DA:54,5
DA:60,5
DA:66,5
DA:72,5
DA:78,5
DA:84,5
DA:85,5
DA:86,5
DA:93,5
DA:101,5
DA:104,5
DA:105,5
DA:106,5
DA:109,5
DA:110,5
DA:113,5
DA:114,5
DA:116,5
DA:119,5
DA:120,5
DA:123,5
DA:124,5
DA:128,5
DA:129,5
DA:131,5
DA:134,5
DA:136,5
DA:139,5
DA:142,9
DA:143,4
DA:144,4
DA:145,4
DA:151,4
DA:153,5
DA:154,10
LF:41
LH:41
end_of_record
SF:lib/core/database/app_database.dart
DA:5,4
DA:14,0
DA:15,0
DA:17,0
DA:18,0
DA:19,0
DA:22,0
DA:23,0
DA:24,0
DA:32,0
DA:42,0
DA:43,0
DA:44,0
DA:47,0
DA:50,0
DA:58,0
DA:69,0
DA:70,0
DA:71,0
LF:19
LH:1
end_of_record
SF:lib/features/auth/auth_controller.dart
DA:7,5
DA:12,10
DA:13,0
DA:15,2
DA:20,2
DA:22,4
DA:27,2
DA:30,6
DA:34,2
DA:37,2
DA:41,2
DA:45,2
DA:47,6
DA:51,2
DA:52,2
DA:55,2
DA:59,3
DA:60,3
DA:61,3
DA:64,2
DA:65,2
DA:66,2
LF:22
LH:21
end_of_record
SF:lib/features/auth/auth_repository.dart
DA:25,0
DA:33,0
DA:39,0
DA:40,0
DA:41,0
DA:43,0
DA:45,0
DA:48,0
DA:49,0
DA:50,0
DA:51,0
DA:52,0
DA:54,0
DA:55,0
DA:56,0
DA:61,0
DA:66,0
DA:67,0
DA:70,0
DA:73,0
DA:74,0
DA:75,0
DA:76,0
DA:78,0
DA:80,0
DA:81,0
DA:82,0
DA:83,0
DA:84,0
DA:88,0
DA:89,0
DA:90,0
DA:92,0
DA:94,0
DA:95,0
DA:97,0
DA:98,0
DA:100,0
DA:103,0
DA:104,0
DA:117,2
DA:123,4
DA:124,4
DA:127,4
DA:128,2
DA:129,6
DA:130,2
DA:138,2
DA:143,4
DA:144,4
DA:146,1
DA:147,1
DA:154,2
LF:53
LH:13
end_of_record
SF:lib/features/care/health_log_controller.dart
DA:7,7
DA:13,2
DA:14,2
DA:15,4
DA:16,4
DA:17,2
DA:18,2
DA:21,18
DA:23,7
DA:24,7
DA:25,7
DA:27,14
DA:28,14
DA:29,7
DA:30,7
DA:33,3
DA:34,3
DA:35,3
DA:36,1
DA:37,6
DA:38,6
DA:41,6
DA:42,9
DA:43,3
LF:24
LH:24
end_of_record
SF:lib/features/care/health_log_repository.dart
DA:11,0
DA:14,0
DA:16,0
DA:19,0
DA:22,0
DA:25,0
DA:27,0
DA:28,0
DA:29,0
DA:31,0
DA:33,0
DA:34,0
DA:35,0
DA:44,7
DA:46,28
DA:48,3
DA:50,3
DA:51,6
DA:52,3
DA:53,3
DA:54,3
DA:56,12
LF:22
LH:9
end_of_record
SF:lib/features/medications/medication_controller.dart
DA:9,7
DA:20,2
DA:21,2
DA:22,4
DA:23,4
DA:24,2
DA:25,2
DA:28,21
DA:29,21
DA:31,7
DA:32,7
DA:33,7
DA:35,14
DA:36,14
DA:37,7
DA:38,7
DA:41,3
DA:42,3
DA:43,3
DA:44,1
DA:45,6
DA:46,3
DA:47,3
DA:48,1
DA:52,6
DA:53,9
DA:54,3
LF:27
LH:27
end_of_record
SF:lib/features/medications/medication_log_repository.dart
DA:11,0
DA:15,0
DA:17,0
DA:20,0
DA:23,0
DA:26,0
DA:28,0
DA:29,0
DA:30,0
DA:32,0
DA:34,0
DA:35,0
DA:44,7
DA:46,28
DA:48,3
DA:50,3
DA:51,6
DA:52,3
DA:53,3
DA:55,12
LF:20
LH:8
end_of_record
SF:lib/app/app_routes.dart
DA:25,3
DA:35,3
DA:41,3
LF:3
LH:3
end_of_record
SF:lib/app/app_shell.dart
DA:15,4
DA:19,4
DA:20,4
DA:24,4
DA:26,8
DA:27,4
DA:28,4
DA:29,4
DA:31,4
DA:32,4
DA:33,4
DA:34,9
DA:36,2
DA:37,4
DA:38,2
DA:40,0
DA:42,8
DA:49,4
DA:52,3
DA:53,6
DA:80,4
DA:81,4
DA:85,4
DA:88,4
DA:94,2
DA:102,4
DA:103,1
DA:104,1
DA:105,3
LF:29
LH:28
end_of_record
SF:lib/features/auth/auth_screen.dart
DA:14,2
DA:25,2
DA:26,2
DA:41,2
DA:43,4
DA:44,4
DA:45,4
DA:46,4
DA:47,2
DA:50,1
DA:51,2
DA:52,1
DA:53,3
DA:57,1
DA:58,3
DA:59,2
DA:61,0
DA:64,2
DA:65,1
DA:66,1
DA:68,1
DA:69,2
DA:70,2
DA:71,2
DA:73,2
DA:74,2
DA:75,2
DA:76,2
DA:79,1
DA:80,2
DA:81,1
DA:82,1
DA:85,1
DA:86,1
DA:87,3
DA:88,1
DA:89,3
DA:93,1
DA:94,2
DA:98,1
DA:99,1
DA:101,3
DA:107,1
DA:108,1
DA:110,4
DA:116,2
DA:118,4
DA:119,2
DA:120,2
DA:121,2
DA:122,2
DA:123,2
DA:124,4
DA:125,2
DA:127,2
DA:128,2
DA:132,4
DA:134,2
DA:135,2
DA:138,2
DA:139,2
DA:141,6
DA:142,2
DA:145,2
DA:146,0
DA:147,0
DA:159,2
DA:161,2
DA:163,4
DA:167,2
DA:171,4
DA:174,2
DA:175,2
DA:176,2
DA:178,2
DA:179,1
DA:180,1
DA:181,1
DA:185,2
DA:189,2
DA:190,2
DA:195,2
DA:197,2
DA:198,2
DA:199,2
DA:201,2
DA:202,2
DA:207,2
DA:208,2
DA:209,2
DA:212,0
DA:213,0
DA:215,2
DA:216,2
DA:222,2
DA:223,2
DA:225,2
DA:226,0
DA:227,0
DA:238,1
DA:240,1
DA:241,1
DA:243,1
DA:245,1
DA:246,1
DA:251,3
DA:255,1
DA:256,1
DA:259,0
DA:260,0
DA:261,0
DA:263,1
DA:264,1
DA:271,1
DA:272,2
DA:278,2
DA:282,4
DA:284,2
DA:286,0
DA:288,0
DA:289,0
DA:290,0
DA:294,2
DA:295,2
DA:296,2
DA:297,4
DA:303,2
DA:308,2
DA:326,2
DA:348,2
DA:349,2
DA:350,2
DA:351,2
DA:352,2
DA:353,2
DA:354,2
DA:355,2
DA:356,2
DA:357,2
DA:358,2
DA:359,2
DA:366,2
DA:369,2
DA:370,2
DA:373,2
DA:374,2
DA:375,2
DA:376,2
DA:377,2
DA:400,1
DA:403,1
DA:404,1
DA:407,1
DA:408,1
DA:409,1
DA:410,1
DA:411,1
LF:157
LH:143
end_of_record
SF:lib/features/care/appointment_detail_screen.dart
DA:11,3
DA:14,4
DA:15,4
DA:16,4
DA:17,4
DA:19,4
DA:20,4
DA:22,4
DA:23,8
DA:24,12
DA:28,24
DA:30,4
DA:31,4
DA:33,4
DA:34,4
DA:36,12
DA:43,4
DA:45,4
DA:47,4
DA:48,4
DA:50,12
DA:51,4
DA:61,4
DA:63,6
DA:66,4
DA:69,2
LF:26
LH:26
end_of_record
SF:lib/features/care/emergency_assistance_screen.dart
DA:7,2
DA:9,2
DA:11,2
DA:16,1
DA:17,1
DA:18,0
DA:25,2
DA:26,2
DA:27,2
DA:28,2
DA:29,2
DA:32,2
DA:33,2
DA:35,2
DA:37,6
DA:64,2
DA:67,2
DA:68,2
DA:73,2
DA:84,2
DA:85,2
DA:87,2
DA:88,2
DA:90,6
LF:24
LH:23
end_of_record
SF:lib/features/care/health_log_screen.dart
DA:8,3
DA:10,4
DA:11,4
DA:27,4
DA:29,4
DA:30,12
DA:31,4
DA:32,8
DA:33,2
DA:34,12
DA:35,8
DA:38,4
DA:39,12
DA:42,4
DA:44,8
DA:45,12
DA:46,6
DA:47,4
DA:51,1
DA:52,1
DA:53,1
DA:54,0
DA:59,3
DA:61,2
DA:62,1
DA:63,3
DA:65,1
DA:66,2
DA:67,1
DA:68,2
DA:70,2
DA:71,1
DA:73,0
DA:74,0
DA:80,4
DA:84,4
DA:85,4
DA:86,4
DA:87,4
DA:90,4
DA:91,4
DA:93,4
DA:95,12
DA:101,4
DA:102,4
DA:109,16
DA:110,4
DA:111,4
DA:114,4
DA:115,4
DA:118,4
DA:119,12
DA:122,12
DA:127,4
DA:131,4
DA:132,4
DA:133,8
DA:136,4
DA:138,12
DA:141,12
DA:142,4
DA:144,3
DA:145,2
DA:146,1
DA:147,2
DA:148,1
DA:149,3
DA:151,3
DA:159,1
DA:160,3
DA:161,6
LF:71
LH:68
end_of_record
SF:lib/features/medications/medication_detail_screen.dart
DA:11,4
DA:19,5
DA:20,5
DA:27,2
DA:28,2
DA:29,6
DA:30,2
DA:32,6
DA:33,2
DA:34,6
DA:35,6
DA:39,1
DA:40,3
DA:46,8
DA:50,5
DA:52,10
DA:53,5
DA:54,5
DA:55,5
DA:57,5
DA:58,5
DA:60,5
DA:61,5
DA:62,15
DA:66,5
DA:67,15
DA:68,15
DA:71,5
DA:72,15
DA:75,5
DA:77,5
DA:78,5
DA:80,15
DA:82,5
DA:83,5
DA:91,5
DA:92,5
DA:94,5
DA:95,5
DA:97,15
DA:99,10
DA:104,5
DA:105,5
DA:107,5
DA:110,15
LF:45
LH:45
end_of_record
SF:lib/features/messages/message_detail_screen.dart
DA:6,3
DA:10,4
DA:12,4
DA:13,4
DA:14,4
DA:16,4
DA:17,4
DA:19,4
DA:20,8
DA:21,12
DA:25,4
DA:26,12
DA:27,12
DA:30,24
LF:14
LH:14
end_of_record
SF:lib/features/settings/accessibility_settings_screen.dart
DA:10,3
DA:18,5
DA:20,5
DA:27,1
DA:28,3
DA:29,3
DA:32,2
DA:33,6
DA:34,2
DA:35,4
DA:36,3
DA:38,3
DA:42,5
DA:44,5
DA:45,5
DA:46,5
DA:47,5
DA:48,10
DA:49,5
DA:50,10
DA:55,5
DA:56,5
DA:58,5
DA:59,5
DA:60,10
DA:63,15
DA:65,6
DA:67,1
DA:90,5
DA:91,5
DA:92,5
DA:94,5
DA:95,5
DA:97,15
DA:100,5
DA:102,15
DA:104,5
DA:105,5
DA:109,20
DA:110,5
DA:111,15
DA:112,0
DA:113,0
DA:115,15
DA:116,2
DA:119,2
DA:120,2
DA:121,2
DA:122,2
DA:123,2
DA:124,2
DA:125,2
DA:127,4
DA:128,0
DA:129,0
DA:135,5
DA:151,5
DA:152,2
DA:153,2
DA:159,5
DA:160,5
DA:161,5
DA:163,5
DA:164,5
DA:166,15
DA:168,5
DA:171,5
DA:172,0
DA:173,0
DA:175,5
DA:178,5
DA:179,0
DA:180,0
DA:185,5
DA:186,5
DA:187,5
DA:189,5
DA:190,5
DA:192,15
DA:194,5
DA:197,5
DA:198,0
DA:199,0
DA:201,5
DA:204,5
DA:205,0
DA:206,0
DA:211,5
DA:212,5
DA:239,5
DA:240,5
DA:241,10
DA:242,5
DA:244,5
DA:245,5
DA:248,0
DA:249,0
DA:250,0
DA:261,5
DA:272,5
DA:273,5
DA:275,25
DA:276,10
DA:277,5
DA:278,5
LF:105
LH:90
end_of_record
SF:lib/features/care/appointment.dart
DA:2,2
LF:1
LH:1
end_of_record
SF:lib/features/dashboard/today_screen.dart
DA:6,5
DA:16,2
DA:17,2
DA:19,4
DA:22,2
DA:23,2
DA:24,3
DA:27,2
DA:28,6
DA:34,6
DA:37,5
DA:39,5
DA:41,5
DA:42,5
DA:44,5
DA:45,5
DA:46,5
DA:48,5
DA:49,5
DA:50,5
DA:53,20
DA:54,15
DA:59,5
DA:62,5
DA:64,5
DA:66,4
DA:73,5
DA:75,5
DA:76,10
DA:77,15
DA:81,5
DA:83,15
DA:86,5
DA:89,15
DA:108,5
DA:110,5
DA:112,5
LF:37
LH:37
end_of_record
SF:lib/features/care/care_screen.dart
DA:9,2
DA:10,5
DA:11,5
DA:28,2
DA:29,1
DA:30,1
DA:33,5
DA:34,5
DA:36,5
DA:37,5
DA:39,5
DA:40,5
DA:41,5
DA:43,5
DA:45,15
DA:51,10
DA:52,10
DA:54,5
DA:59,10
DA:60,5
DA:61,15
DA:64,6
DA:66,3
DA:71,10
DA:72,5
DA:73,5
DA:86,2
DA:88,1
DA:89,1
DA:96,1
DA:98,2
DA:99,2
DA:100,1
DA:103,1
DA:104,1
DA:106,1
DA:108,1
DA:109,1
DA:110,1
DA:113,1
DA:114,1
DA:119,1
DA:120,1
DA:121,2
LF:44
LH:44
end_of_record
SF:lib/features/medications/medications_screen.dart
DA:10,4
DA:18,5
DA:19,5
DA:26,5
DA:28,5
DA:29,15
DA:30,5
DA:31,10
DA:32,2
DA:33,2
DA:34,4
DA:36,15
DA:37,10
DA:40,5
DA:41,15
DA:44,5
DA:46,15
DA:47,9
DA:48,5
DA:51,5
DA:53,10
DA:54,5
DA:56,5
DA:57,5
DA:59,5
DA:60,5
DA:61,5
DA:63,5
DA:65,15
DA:69,5
DA:71,15
DA:74,5
DA:75,1
DA:77,5
DA:78,10
DA:80,5
DA:85,10
DA:86,5
DA:87,15
DA:90,6
DA:92,3
DA:94,1
DA:95,2
DA:101,5
DA:102,5
DA:104,15
DA:106,5
DA:107,15
DA:108,5
DA:110,3
DA:111,2
DA:112,1
DA:114,3
DA:115,3
DA:126,1
DA:127,3
DA:128,3
DA:129,2
DA:130,1
LF:59
LH:59
end_of_record
SF:lib/features/messages/messages_screen.dart
DA:11,2
DA:18,5
DA:19,5
DA:23,2
DA:24,1
DA:25,1
DA:28,5
DA:30,15
DA:31,5
DA:33,5
DA:34,5
DA:36,5
DA:37,5
DA:38,5
DA:40,5
DA:42,15
DA:48,5
DA:49,0
DA:51,5
DA:52,10
DA:54,5
DA:59,10
DA:60,10
DA:62,6
DA:64,3
DA:69,5
DA:70,10
DA:71,5
DA:72,5
DA:101,2
DA:103,1
DA:104,1
DA:110,1
DA:112,2
DA:113,1
DA:116,1
DA:117,1
DA:119,1
DA:120,1
DA:128,1
DA:129,1
DA:130,0
LF:42
LH:40
end_of_record
SF:lib/core/widgets/app_button.dart
DA:4,8
DA:17,6
DA:19,6
DA:20,12
DA:21,0
DA:24,0
DA:25,0
DA:27,0
DA:28,0
DA:32,6
DA:33,10
DA:34,12
DA:35,6
DA:37,6
DA:38,6
LF:15
LH:10
end_of_record
SF:lib/core/widgets/app_card.dart
DA:4,8
DA:15,6
DA:17,6
DA:18,6
DA:20,12
DA:22,6
DA:24,10
LF:7
LH:7
end_of_record
SF:lib/features/auth/patient_account.dart
DA:2,3
LF:1
LH:1
end_of_record
SF:lib/features/care/health_log.dart
DA:2,3
DA:14,0
DA:15,0
DA:16,0
DA:17,0
DA:20,0
DA:21,0
DA:22,0
DA:23,0
DA:24,0
LF:10
LH:1
end_of_record
SF:lib/features/medications/medication_log.dart
DA:2,3
DA:12,0
DA:13,0
DA:14,0
DA:17,0
DA:18,0
DA:19,0
DA:20,0
LF:8
LH:1
end_of_record
