TN:
SF:App.tsx
FN:8,CareConnect
FN:17,App
FNF:2
FNH:2
FNDA:2,CareConnect
FNDA:1,App
DA:9,2
DA:10,2
DA:11,2
DA:12,2
DA:13,2
DA:14,2
DA:18,1
LF:7
LH:7
BRDA:11,0,0,2
BRDA:11,0,1,2
BRDA:11,0,2,2
BRDA:14,1,0,0
BRDA:14,1,1,2
BRF:5
BRH:4
end_of_record
TN:
SF:src/components/UI.tsx
FN:8,useColors
FN:9,Screen
FN:10,Card
FN:14,AppText
FN:18,Button
FN:20,(anonymous_5)
FNF:6
FNH:6
FNDA:1453,useColors
FNDA:80,Screen
FNDA:207,Card
FNDA:844,AppText
FNDA:319,Button
FNDA:319,(anonymous_5)
DA:8,1453
DA:9,80
DA:11,207
DA:12,207
DA:15,844
DA:16,844
DA:19,319
DA:20,319
DA:22,3
DA:23,3
LF:10
LH:10
BRDA:8,0,0,1453
BRDA:8,0,1,1197
BRDA:8,0,2,1169
BRDA:8,1,0,256
BRDA:8,1,1,1197
BRDA:10,2,0,158
BRDA:14,3,0,761
BRDA:14,4,0,676
BRDA:15,5,0,844
BRDA:15,5,1,337
BRDA:15,6,0,844
BRDA:15,6,1,657
BRDA:15,7,0,83
BRDA:15,7,1,574
BRDA:16,8,0,83
BRDA:16,8,1,761
BRDA:16,9,0,168
BRDA:16,9,1,676
BRDA:16,10,0,844
BRDA:16,10,1,83
BRDA:16,11,0,844
BRDA:16,11,1,844
BRDA:18,12,0,82
BRDA:18,13,0,314
BRDA:18,14,0,178
BRDA:18,15,0,234
BRDA:19,16,0,5
BRDA:19,16,1,314
BRDA:19,17,0,29
BRDA:19,17,1,285
BRDA:19,18,0,208
BRDA:19,18,1,77
BRDA:20,19,0,312
BRDA:20,19,1,7
BRDA:20,20,0,208
BRDA:20,20,1,111
BRDA:20,21,0,319
BRDA:20,21,1,237
BRDA:20,22,0,42
BRDA:20,22,1,277
BRDA:20,23,0,0
BRDA:20,23,1,277
BRDA:20,24,0,5
BRDA:20,24,1,314
BRDA:20,25,0,29
BRDA:20,25,1,285
BRDA:20,26,0,208
BRDA:20,26,1,77
BRF:48
BRH:47
end_of_record
TN:
SF:src/context/AppContext.tsx
FN:31,AppProvider
FN:32,(anonymous_1)
FN:40,(anonymous_2)
FN:42,(anonymous_3)
FN:43,(anonymous_4)
FN:46,(anonymous_5)
FN:57,(anonymous_6)
FN:62,(anonymous_7)
FN:67,(anonymous_8)
FN:67,(anonymous_9)
FN:68,(anonymous_10)
FN:69,(anonymous_11)
FN:73,(anonymous_12)
FN:73,(anonymous_13)
FN:74,(anonymous_14)
FN:74,(anonymous_15)
FN:75,(anonymous_16)
FN:78,(anonymous_17)
FN:79,(anonymous_18)
FN:84,useApp
FNF:20
FNH:20
FNDA:102,AppProvider
FNDA:23,(anonymous_1)
FNDA:23,(anonymous_2)
FNDA:23,(anonymous_3)
FNDA:23,(anonymous_4)
FNDA:21,(anonymous_5)
FNDA:24,(anonymous_6)
FNDA:3,(anonymous_7)
FNDA:14,(anonymous_8)
FNDA:14,(anonymous_9)
FNDA:1,(anonymous_10)
FNDA:4,(anonymous_11)
FNDA:5,(anonymous_12)
FNDA:4,(anonymous_13)
FNDA:4,(anonymous_14)
FNDA:3,(anonymous_15)
FNDA:101,(anonymous_16)
FNDA:2,(anonymous_17)
FNDA:4,(anonymous_18)
FNDA:2846,useApp
DA:27,5
DA:28,5
DA:29,5
DA:32,102
DA:33,102
DA:34,102
DA:35,102
DA:36,102
DA:37,102
DA:38,102
DA:40,102
DA:41,23
DA:42,23
DA:43,23
DA:46,102
DA:47,21
DA:52,21
DA:53,21
DA:54,21
DA:57,102
DA:58,24
DA:59,24
DA:60,24
DA:62,102
DA:63,3
DA:64,3
DA:65,3
DA:67,102
DA:68,102
DA:69,102
DA:70,4
DA:71,4
DA:73,102
DA:74,102
DA:75,102
DA:78,2
DA:79,4
DA:81,102
DA:85,2846
DA:86,2846
DA:87,2846
LF:41
LH:41
BRDA:42,0,0,23
BRDA:42,0,1,0
BRDA:59,1,0,2
BRDA:59,1,1,21
BRDA:64,2,0,1
BRDA:64,2,1,2
BRDA:64,3,0,0
BRDA:64,3,1,2
BRDA:70,4,0,0
BRDA:70,4,1,4
BRDA:73,5,0,0
BRDA:73,5,1,5
BRDA:74,6,0,0
BRDA:74,6,1,4
BRDA:76,7,0,101
BRDA:76,7,1,54
BRDA:78,8,0,0
BRDA:78,8,1,2
BRDA:86,9,0,0
BRDA:86,9,1,2846
BRF:20
BRH:13
end_of_record
TN:
SF:src/data/database.ts
FN:12,getDatabase
FN:17,openDatabase
FN:20,(anonymous_2)
FN:53,migrateLogsToUserAccounts
FN:58,(anonymous_4)
FN:59,(anonymous_5)
FN:62,(anonymous_6)
FN:72,seedOlivia
FN:91,createSalt
FN:95,derivePasswordHash
FN:103,constantTimeEqual
FN:112,bytesToHex
FN:113,(anonymous_12)
FN:116,hexToBytes
FN:117,(anonymous_14)
FNF:15
FNH:13
FNDA:2,getDatabase
FNDA:1,openDatabase
FNDA:1,(anonymous_2)
FNDA:1,migrateLogsToUserAccounts
FNDA:1,(anonymous_4)
FNDA:0,(anonymous_5)
FNDA:0,(anonymous_6)
FNDA:1,seedOlivia
FNDA:2,createSalt
FNDA:4,derivePasswordHash
FNDA:3,constantTimeEqual
FNDA:6,bytesToHex
FNDA:160,(anonymous_12)
FNDA:4,hexToBytes
FNDA:64,(anonymous_14)
DA:7,5
DA:8,5
DA:13,2
DA:14,2
DA:18,1
DA:19,1
DA:20,1
DA:21,1
DA:48,1
DA:49,1
DA:50,1
DA:54,1
DA:55,1
DA:56,1
DA:57,1
DA:58,1
DA:59,1
DA:60,1
DA:62,1
DA:63,1
DA:66,1
DA:67,1
DA:68,1
DA:73,1
DA:77,1
DA:78,1
DA:79,1
DA:80,1
DA:92,2
DA:96,4
DA:100,4
DA:104,3
DA:105,2
DA:106,2
DA:107,128
DA:109,2
DA:113,160
DA:117,64
LF:38
LH:38
BRDA:55,0,0,0
BRDA:55,0,1,1
BRDA:59,1,0,1
BRDA:59,1,1,0
BRDA:62,2,0,1
BRDA:62,2,1,0
BRDA:77,3,0,0
BRDA:77,3,1,1
BRDA:104,4,0,1
BRDA:104,4,1,2
BRDA:117,5,0,4
BRDA:117,5,1,0
BRF:12
BRH:7
end_of_record
TN:
SF:src/data/repositories.ts
FN:15,(anonymous_0)
FN:29,(anonymous_1)
FN:48,(anonymous_2)
FN:51,(anonymous_3)
FN:54,(anonymous_4)
FN:72,(anonymous_5)
FN:75,(anonymous_6)
FN:78,(anonymous_7)
FN:96,(anonymous_8)
FN:106,(anonymous_9)
FN:111,settingsKey
FNF:11
FNH:11
FNDA:2,(anonymous_0)
FNDA:3,(anonymous_1)
FNDA:1,(anonymous_2)
FNDA:1,(anonymous_3)
FNDA:1,(anonymous_4)
FNDA:1,(anonymous_5)
FNDA:1,(anonymous_6)
FNDA:2,(anonymous_7)
FNDA:4,(anonymous_8)
FNDA:2,(anonymous_9)
FNDA:6,settingsKey
DA:16,2
DA:17,2
DA:18,2
DA:19,2
DA:20,1
DA:21,1
DA:26,1
DA:30,3
DA:31,3
DA:35,3
DA:36,1
DA:49,1
DA:50,1
DA:51,1
DA:55,1
DA:56,1
DA:60,1
DA:73,1
DA:74,1
DA:75,1
DA:79,2
DA:80,2
DA:84,1
DA:88,5
DA:97,4
DA:98,4
DA:99,2
DA:100,2
DA:102,1
DA:107,2
DA:112,6
LF:31
LH:31
BRDA:19,0,0,1
BRDA:19,0,1,1
BRDA:35,1,0,2
BRDA:35,1,1,1
BRDA:35,2,0,3
BRDA:35,2,1,2
BRDA:98,3,0,2
BRDA:98,3,1,2
BRF:8
BRH:8
end_of_record
TN:
SF:src/navigation/RootNavigator.tsx
FN:19,TabIcon
FN:20,Workspace
FN:20,(anonymous_2)
FN:20,(anonymous_3)
FN:21,RootNavigator
FNF:5
FNH:5
FNDA:70,TabIcon
FNDA:3,Workspace
FNDA:50,(anonymous_2)
FNDA:70,(anonymous_3)
FNDA:13,RootNavigator
DA:18,2
DA:19,70
DA:20,70
DA:21,13
DA:22,2
LF:5
LH:5
BRDA:19,0,0,70
BRDA:19,0,1,35
BRDA:19,1,0,35
BRDA:19,1,1,35
BRDA:21,2,0,3
BRDA:21,2,1,10
BRDA:21,3,0,5
BRDA:21,3,1,5
BRDA:21,4,0,0
BRDA:21,4,1,5
BRDA:21,5,0,4
BRDA:21,5,1,1
BRF:12
BRH:11
end_of_record
TN:
SF:src/screens/CareScreens.tsx
FN:7,CareScreen
FN:8,(anonymous_1)
FN:8,(anonymous_2)
FN:8,(anonymous_3)
FN:8,(anonymous_4)
FN:8,(anonymous_5)
FN:8,(anonymous_6)
FN:10,AppointmentDetailScreen
FN:10,(anonymous_8)
FN:10,(anonymous_9)
FN:11,HealthLogScreen
FN:11,(anonymous_11)
FN:11,(anonymous_12)
FN:11,(anonymous_13)
FN:12,EmergencyScreen
FN:12,(anonymous_15)
FN:13,Input
FN:14,SimpleModal
FNF:18
FNH:18
FNDA:3,CareScreen
FNDA:6,(anonymous_1)
FNDA:1,(anonymous_2)
FNDA:1,(anonymous_3)
FNDA:1,(anonymous_4)
FNDA:1,(anonymous_5)
FNDA:1,(anonymous_6)
FNDA:1,AppointmentDetailScreen
FNDA:1,(anonymous_8)
FNDA:1,(anonymous_9)
FNDA:7,HealthLogScreen
FNDA:3,(anonymous_11)
FNDA:3,(anonymous_12)
FNDA:1,(anonymous_13)
FNDA:2,EmergencyScreen
FNDA:1,(anonymous_15)
FNDA:16,Input
FNDA:3,SimpleModal
DA:8,6
DA:10,1
DA:11,7
DA:12,2
DA:13,16
DA:14,3
DA:15,3
LF:7
LH:7
BRDA:11,0,0,1
BRDA:11,0,1,2
BRDA:11,1,0,2
BRDA:11,1,1,5
BRDA:11,2,0,6
BRDA:11,2,1,1
BRDA:11,3,0,1
BRDA:11,3,1,0
BRDA:13,4,0,2
BRDA:13,5,0,9
BRDA:13,6,0,16
BRDA:13,6,1,2
BRDA:13,7,0,16
BRDA:13,7,1,7
BRF:14
BRH:13
end_of_record
TN:
SF:src/screens/MedicationScreens.tsx
FN:2,MedicationsScreen
FN:2,(anonymous_1)
FN:2,(anonymous_2)
FN:2,(anonymous_3)
FN:3,MedicationDetailScreen
FN:3,(anonymous_5)
FN:3,(anonymous_6)
FN:3,(anonymous_7)
FNF:8
FNH:8
FNDA:4,MedicationsScreen
FNDA:8,(anonymous_1)
FNDA:3,(anonymous_2)
FNDA:2,(anonymous_3)
FNDA:9,MedicationDetailScreen
FNDA:2,(anonymous_5)
FNDA:3,(anonymous_6)
FNDA:3,(anonymous_7)
DA:2,8
DA:3,9
DA:4,3
LF:3
LH:3
BRDA:2,0,0,2
BRDA:2,0,1,2
BRDA:3,1,0,2
BRDA:3,1,1,7
BRDA:3,2,0,2
BRDA:3,2,1,7
BRDA:3,3,0,2
BRDA:3,3,1,7
BRDA:3,4,0,3
BRDA:3,4,1,6
BRF:10
BRH:10
end_of_record
TN:
SF:src/screens/MessageScreens.tsx
FN:2,MessagesScreen
FN:2,(anonymous_1)
FN:2,(anonymous_2)
FN:2,(anonymous_3)
FN:2,(anonymous_4)
FN:2,(anonymous_5)
FN:3,MessageDetailScreen
FNF:7
FNH:6
FNDA:3,MessagesScreen
FNDA:6,(anonymous_1)
FNDA:1,(anonymous_2)
FNDA:1,(anonymous_3)
FNDA:0,(anonymous_4)
FNDA:1,(anonymous_5)
FNDA:1,MessageDetailScreen
DA:2,6
DA:3,1
DA:4,3
LF:3
LH:3
BRF:0
BRH:0
end_of_record
TN:
SF:src/screens/SettingsScreen.tsx
FN:6,SettingsScreen
FN:10,(anonymous_1)
FN:11,(anonymous_2)
FN:25,(anonymous_3)
FN:26,(anonymous_4)
FN:29,(anonymous_5)
FN:30,(anonymous_6)
FN:31,(anonymous_7)
FN:35,(anonymous_8)
FN:36,(anonymous_9)
FN:39,(anonymous_10)
FN:40,(anonymous_11)
FN:43,(anonymous_12)
FN:44,(anonymous_13)
FN:48,Setting
FNF:15
FNH:15
FNDA:28,SettingsScreen
FNDA:14,(anonymous_1)
FNDA:5,(anonymous_2)
FNDA:1,(anonymous_3)
FNDA:5,(anonymous_4)
FNDA:1,(anonymous_5)
FNDA:2,(anonymous_6)
FNDA:1,(anonymous_7)
FNDA:1,(anonymous_8)
FNDA:1,(anonymous_9)
FNDA:1,(anonymous_10)
FNDA:1,(anonymous_11)
FNDA:5,(anonymous_12)
FNDA:1,(anonymous_13)
FNDA:112,Setting
DA:7,28
DA:8,28
DA:9,28
DA:10,28
DA:11,28
DA:12,5
DA:13,5
DA:14,1
DA:15,5
DA:17,28
DA:25,1
DA:26,5
DA:29,1
DA:30,2
DA:31,1
DA:35,1
DA:36,1
DA:39,1
DA:40,1
DA:43,5
DA:44,1
DA:49,112
DA:52,3
LF:23
LH:23
BRDA:6,0,0,26
BRDA:13,1,0,1
BRDA:13,1,1,4
BRDA:18,2,0,2
BRDA:18,2,1,26
BRDA:19,3,0,2
BRDA:19,3,1,26
BRDA:20,4,0,28
BRDA:20,4,1,3
BRDA:43,5,0,5
BRDA:43,5,1,23
BRDA:43,6,0,1
BRDA:43,6,1,22
BRF:13
BRH:13
end_of_record
TN:
SF:src/screens/SignInScreen.tsx
FN:4,SignInScreen
FN:4,(anonymous_1)
FN:4,(anonymous_2)
FN:4,(anonymous_3)
FN:4,(anonymous_4)
FN:5,Input
FNF:6
FNH:5
FNDA:18,SignInScreen
FNDA:7,(anonymous_1)
FNDA:0,(anonymous_2)
FNDA:7,(anonymous_3)
FNDA:1,(anonymous_4)
FNDA:41,Input
DA:4,18
DA:5,41
DA:6,3
LF:3
LH:3
BRDA:4,0,0,1
BRDA:4,0,1,6
BRDA:4,1,0,7
BRDA:4,1,1,6
BRDA:4,1,2,6
BRDA:4,1,3,2
BRDA:4,2,0,2
BRDA:4,2,1,4
BRDA:4,3,0,3
BRDA:4,3,1,3
BRDA:4,4,0,1
BRDA:4,4,1,2
BRDA:4,5,0,5
BRDA:4,5,1,13
BRDA:4,6,0,5
BRDA:4,6,1,13
BRDA:4,7,0,18
BRDA:4,7,1,5
BRDA:4,8,0,5
BRDA:4,8,1,13
BRDA:4,9,0,5
BRDA:4,9,1,13
BRDA:4,10,0,5
BRDA:4,10,1,13
BRDA:4,11,0,5
BRDA:4,11,1,13
BRDA:4,12,0,6
BRDA:4,12,1,12
BRDA:4,13,0,3
BRDA:4,13,1,9
BRDA:4,14,0,5
BRDA:4,14,1,13
BRF:32
BRH:32
end_of_record
TN:
SF:src/screens/TodayScreen.tsx
FN:2,TodayScreen
FN:2,(anonymous_1)
FN:2,(anonymous_2)
FNF:3
FNH:3
FNDA:4,TodayScreen
FNDA:1,(anonymous_1)
FNDA:1,(anonymous_2)
DA:2,4
DA:3,3
LF:2
LH:2
BRF:0
BRH:0
end_of_record
TN:
SF:src/utils/data.ts
FNF:0
FNH:0
DA:2,4
DA:3,4
DA:4,4
LF:3
LH:3
BRF:0
BRH:0
end_of_record
TN:
SF:src/utils/theme.ts
FN:13,(anonymous_0)
FN:14,(anonymous_1)
FN:15,(anonymous_2)
FN:16,(anonymous_3)
FNF:4
FNH:4
FNDA:1,(anonymous_0)
FNDA:4,(anonymous_1)
FNDA:4,(anonymous_2)
FNDA:2,(anonymous_3)
DA:1,3
DA:8,3
DA:13,3
DA:14,4
DA:15,4
DA:16,3
LF:6
LH:6
BRDA:16,0,0,2
BRDA:16,0,1,2
BRDA:16,0,2,2
BRF:3
BRH:3
end_of_record
