{"total": {"lines":{"total":189,"covered":188,"skipped":0,"pct":99.47},"statements":{"total":374,"covered":356,"skipped":0,"pct":95.18},"functions":{"total":124,"covered":119,"skipped":0,"pct":95.96},"branches":{"total":193,"covered":172,"skipped":0,"pct":89.11},"branchesTrue":{"total":0,"covered":0,"skipped":0,"pct":100}}
,"/Users/terenceboyce/tmp/week6-rn-accessibility/mobile-react-native-app/App.tsx": {"lines":{"total":7,"covered":7,"skipped":0,"pct":100},"functions":{"total":2,"covered":2,"skipped":0,"pct":100},"statements":{"total":7,"covered":7,"skipped":0,"pct":100},"branches":{"total":5,"covered":4,"skipped":0,"pct":80}}
,"/Users/terenceboyce/tmp/week6-rn-accessibility/mobile-react-native-app/src/components/AccessibleModal.tsx": {"lines":{"total":6,"covered":5,"skipped":0,"pct":83.33},"functions":{"total":4,"covered":2,"skipped":0,"pct":50},"statements":{"total":14,"covered":9,"skipped":0,"pct":64.28},"branches":{"total":6,"covered":1,"skipped":0,"pct":16.66}}
,"/Users/terenceboyce/tmp/week6-rn-accessibility/mobile-react-native-app/src/components/UI.tsx": {"lines":{"total":12,"covered":12,"skipped":0,"pct":100},"functions":{"total":8,"covered":8,"skipped":0,"pct":100},"statements":{"total":25,"covered":25,"skipped":0,"pct":100},"branches":{"total":54,"covered":53,"skipped":0,"pct":98.14}}
,"/Users/terenceboyce/tmp/week6-rn-accessibility/mobile-react-native-app/src/context/AppContext.tsx": {"lines":{"total":41,"covered":41,"skipped":0,"pct":100},"functions":{"total":20,"covered":20,"skipped":0,"pct":100},"statements":{"total":91,"covered":84,"skipped":0,"pct":92.3},"branches":{"total":20,"covered":13,"skipped":0,"pct":65}}
,"/Users/terenceboyce/tmp/week6-rn-accessibility/mobile-react-native-app/src/data/database.ts": {"lines":{"total":38,"covered":38,"skipped":0,"pct":100},"functions":{"total":15,"covered":13,"skipped":0,"pct":86.66},"statements":{"total":46,"covered":42,"skipped":0,"pct":91.3},"branches":{"total":12,"covered":7,"skipped":0,"pct":58.33}}
,"/Users/terenceboyce/tmp/week6-rn-accessibility/mobile-react-native-app/src/data/repositories.ts": {"lines":{"total":31,"covered":31,"skipped":0,"pct":100},"functions":{"total":11,"covered":11,"skipped":0,"pct":100},"statements":{"total":36,"covered":36,"skipped":0,"pct":100},"branches":{"total":8,"covered":8,"skipped":0,"pct":100}}
,"/Users/terenceboyce/tmp/week6-rn-accessibility/mobile-react-native-app/src/navigation/RootNavigator.tsx": {"lines":{"total":5,"covered":5,"skipped":0,"pct":100},"functions":{"total":5,"covered":5,"skipped":0,"pct":100},"statements":{"total":16,"covered":15,"skipped":0,"pct":93.75},"branches":{"total":12,"covered":11,"skipped":0,"pct":91.66}}
,"/Users/terenceboyce/tmp/week6-rn-accessibility/mobile-react-native-app/src/screens/CareScreens.tsx": {"lines":{"total":6,"covered":6,"skipped":0,"pct":100},"functions":{"total":17,"covered":17,"skipped":0,"pct":100},"statements":{"total":37,"covered":37,"skipped":0,"pct":100},"branches":{"total":16,"covered":15,"skipped":0,"pct":93.75}}
,"/Users/terenceboyce/tmp/week6-rn-accessibility/mobile-react-native-app/src/screens/MedicationScreens.tsx": {"lines":{"total":3,"covered":3,"skipped":0,"pct":100},"functions":{"total":8,"covered":8,"skipped":0,"pct":100},"statements":{"total":20,"covered":20,"skipped":0,"pct":100},"branches":{"total":10,"covered":10,"skipped":0,"pct":100}}
,"/Users/terenceboyce/tmp/week6-rn-accessibility/mobile-react-native-app/src/screens/MessageScreens.tsx": {"lines":{"total":3,"covered":3,"skipped":0,"pct":100},"functions":{"total":6,"covered":6,"skipped":0,"pct":100},"statements":{"total":11,"covered":11,"skipped":0,"pct":100},"branches":{"total":2,"covered":2,"skipped":0,"pct":100}}
,"/Users/terenceboyce/tmp/week6-rn-accessibility/mobile-react-native-app/src/screens/SettingsScreen.tsx": {"lines":{"total":23,"covered":23,"skipped":0,"pct":100},"functions":{"total":15,"covered":15,"skipped":0,"pct":100},"statements":{"total":31,"covered":31,"skipped":0,"pct":100},"branches":{"total":13,"covered":13,"skipped":0,"pct":100}}
,"/Users/terenceboyce/tmp/week6-rn-accessibility/mobile-react-native-app/src/screens/SignInScreen.tsx": {"lines":{"total":3,"covered":3,"skipped":0,"pct":100},"functions":{"total":6,"covered":5,"skipped":0,"pct":83.33},"statements":{"total":20,"covered":19,"skipped":0,"pct":95},"branches":{"total":32,"covered":32,"skipped":0,"pct":100}}
,"/Users/terenceboyce/tmp/week6-rn-accessibility/mobile-react-native-app/src/screens/TodayScreen.tsx": {"lines":{"total":2,"covered":2,"skipped":0,"pct":100},"functions":{"total":3,"covered":3,"skipped":0,"pct":100},"statements":{"total":7,"covered":7,"skipped":0,"pct":100},"branches":{"total":0,"covered":0,"skipped":0,"pct":100}}
,"/Users/terenceboyce/tmp/week6-rn-accessibility/mobile-react-native-app/src/utils/data.ts": {"lines":{"total":3,"covered":3,"skipped":0,"pct":100},"functions":{"total":0,"covered":0,"skipped":0,"pct":100},"statements":{"total":3,"covered":3,"skipped":0,"pct":100},"branches":{"total":0,"covered":0,"skipped":0,"pct":100}}
,"/Users/terenceboyce/tmp/week6-rn-accessibility/mobile-react-native-app/src/utils/theme.ts": {"lines":{"total":6,"covered":6,"skipped":0,"pct":100},"functions":{"total":4,"covered":4,"skipped":0,"pct":100},"statements":{"total":10,"covered":10,"skipped":0,"pct":100},"branches":{"total":3,"covered":3,"skipped":0,"pct":100}}
}
