{"numFailedTestSuites":0,"numFailedTests":0,"numPassedTestSuites":9,"numPassedTests":48,"numPendingTestSuites":0,"numPendingTests":0,"numRuntimeErrorTestSuites":0,"numTodoTests":0,"numTotalTestSuites":9,"numTotalTests":48,"openHandles":[],"snapshot":{"added":0,"didUpdate":false,"failure":false,"filesAdded":0,"filesRemoved":0,"filesRemovedList":[],"filesUnmatched":0,"filesUpdated":0,"matched":1,"total":1,"unchecked":0,"uncheckedKeysByFile":[],"unmatched":0,"updated":0},"startTime":1790042864260,"success":true,"testResults":[{"assertionResults":[{"ancestorTitles":[],"duration":37,"failureDetails":[],"failureMessages":[],"fullName":"shared buttons guarantee at least a 44 point target","invocations":1,"location":null,"numPassingAsserts":4,"retryReasons":[],"status":"passed","title":"shared buttons guarantee at least a 44 point target"},{"ancestorTitles":[],"duration":1,"failureDetails":[],"failureMessages":[],"fullName":"disabled shared buttons leave keyboard traversal","invocations":1,"location":null,"numPassingAsserts":1,"retryReasons":[],"status":"passed","title":"disabled shared buttons leave keyboard traversal"},{"ancestorTitles":[],"duration":110,"failureDetails":[],"failureMessages":[],"fullName":"settings switches guarantee at least a 44 by 44 point target","invocations":1,"location":null,"numPassingAsserts":8,"retryReasons":[],"status":"passed","title":"settings switches guarantee at least a 44 by 44 point target"},{"ancestorTitles":[],"duration":6,"failureDetails":[],"failureMessages":[],"fullName":"authentication fields meet the preferred touch-target height","invocations":1,"location":null,"numPassingAsserts":2,"retryReasons":[],"status":"passed","title":"authentication fields meet the preferred touch-target height"}],"endTime":1790042865138,"message":"","name":"/Users/terenceboyce/tmp/week6-rn-accessibility/mobile-react-native-app/src/__tests__/touch-targets.test.tsx","startTime":1790042864329,"status":"passed","summary":""},{"assertionResults":[{"ancestorTitles":[],"duration":256,"failureDetails":[],"failureMessages":[],"fullName":"settings updates persist current preferences and reset the displayed save notice","invocations":1,"location":null,"numPassingAsserts":5,"retryReasons":[],"status":"passed","title":"settings updates persist current preferences and reset the displayed save notice"},{"ancestorTitles":[],"duration":200,"failureDetails":[],"failureMessages":[],"fullName":"settings controls honor bounds, reset and switch values","invocations":1,"location":null,"numPassingAsserts":4,"retryReasons":[],"status":"passed","title":"settings controls honor bounds, reset and switch values"},{"ancestorTitles":[],"duration":276,"failureDetails":[],"failureMessages":[],"fullName":"health logs validate input, retain it on failure and clear only after success","invocations":1,"location":null,"numPassingAsserts":6,"retryReasons":[],"status":"passed","title":"health logs validate input, retain it on failure and clear only after success"},{"ancestorTitles":[],"duration":287,"failureDetails":[],"failureMessages":[],"fullName":"medication save errors do not create records; success shows the real log","invocations":1,"location":null,"numPassingAsserts":5,"retryReasons":[],"status":"passed","title":"medication save errors do not create records; success shows the real log"},{"ancestorTitles":[],"duration":173,"failureDetails":[],"failureMessages":[],"fullName":"lists show saved logs and route to medication details","invocations":1,"location":null,"numPassingAsserts":3,"retryReasons":[],"status":"passed","title":"lists show saved logs and route to medication details"},{"ancestorTitles":[],"duration":218,"failureDetails":[],"failureMessages":[],"fullName":"care routes and appointment placeholder do not claim to save","invocations":1,"location":null,"numPassingAsserts":4,"retryReasons":[],"status":"passed","title":"care routes and appointment placeholder do not claim to save"},{"ancestorTitles":[],"duration":168,"failureDetails":[],"failureMessages":[],"fullName":"appointment details route to health logs and messages","invocations":1,"location":null,"numPassingAsserts":3,"retryReasons":[],"status":"passed","title":"appointment details route to health logs and messages"},{"ancestorTitles":[],"duration":168,"failureDetails":[],"failureMessages":[],"fullName":"message list opens details but cannot send a message","invocations":1,"location":null,"numPassingAsserts":3,"retryReasons":[],"status":"passed","title":"message list opens details but cannot send a message"},{"ancestorTitles":[],"duration":160,"failureDetails":[],"failureMessages":[],"fullName":"message detail displays the supplied body","invocations":1,"location":null,"numPassingAsserts":2,"retryReasons":[],"status":"passed","title":"message detail displays the supplied body"},{"ancestorTitles":[],"duration":163,"failureDetails":[],"failureMessages":[],"fullName":"emergency screen exposes the current placeholder and disabled caregiver action","invocations":1,"location":null,"numPassingAsserts":3,"retryReasons":[],"status":"passed","title":"emergency screen exposes the current placeholder and disabled caregiver action"},{"ancestorTitles":[],"duration":163,"failureDetails":[],"failureMessages":[],"fullName":"emergency demo says no call was placed","invocations":1,"location":null,"numPassingAsserts":2,"retryReasons":[],"status":"passed","title":"emergency demo says no call was placed"},{"ancestorTitles":[],"duration":281,"failureDetails":[],"failureMessages":[],"fullName":"settings confirmation waits for storage and failed writes can be retried","invocations":1,"location":null,"numPassingAsserts":7,"retryReasons":[],"status":"passed","title":"settings confirmation waits for storage and failed writes can be retried"},{"ancestorTitles":[],"duration":174,"failureDetails":[],"failureMessages":[],"fullName":"today asks before logout and exposes the medication route","invocations":1,"location":null,"numPassingAsserts":4,"retryReasons":[],"status":"passed","title":"today asks before logout and exposes the medication route"},{"ancestorTitles":[],"duration":165,"failureDetails":[],"failureMessages":[],"fullName":"shared components have a stable accessibility snapshot","invocations":1,"location":null,"numPassingAsserts":3,"retryReasons":[],"status":"passed","title":"shared components have a stable accessibility snapshot"},{"ancestorTitles":[],"duration":283,"failureDetails":[],"failureMessages":[],"fullName":"sign-in errors and account creation flow reach onboarding then logout","invocations":1,"location":null,"numPassingAsserts":6,"retryReasons":[],"status":"passed","title":"sign-in errors and account creation flow reach onboarding then logout"}],"endTime":1790042868422,"message":"","name":"/Users/terenceboyce/tmp/week6-rn-accessibility/mobile-react-native-app/src/__tests__/screens.test.tsx","startTime":1790042865187,"status":"passed","summary":""},{"assertionResults":[{"ancestorTitles":[],"duration":221,"failureDetails":[],"failureMessages":[],"fullName":"settings exposes selected themes, disabled bounds and each switch state without hidden-element queries","invocations":1,"location":null,"numPassingAsserts":16,"retryReasons":[],"status":"passed","title":"settings exposes selected themes, disabled bounds and each switch state without hidden-element queries"},{"ancestorTitles":[],"duration":230,"failureDetails":[],"failureMessages":[],"fullName":"save success is a live region only after persistence completes; failure stays an error","invocations":1,"location":null,"numPassingAsserts":7,"retryReasons":[],"status":"passed","title":"save success is a live region only after persistence completes; failure stays an error"},{"ancestorTitles":[],"duration":10,"failureDetails":[],"failureMessages":[],"fullName":"sign-in and sign-up fields retain visible matching names, with native error text","invocations":1,"location":null,"numPassingAsserts":5,"retryReasons":[],"status":"passed","title":"sign-in and sign-up fields retain visible matching names, with native error text"},{"ancestorTitles":[],"duration":226,"failureDetails":[],"failureMessages":[],"fullName":"health form has named fields and meaningful missing-input and success alerts","invocations":1,"location":null,"numPassingAsserts":3,"retryReasons":[],"status":"passed","title":"health form has named fields and meaningful missing-input and success alerts"},{"ancestorTitles":[],"duration":195,"failureDetails":[],"failureMessages":[],"fullName":"appointment modal hides background and restores it after cancel or native Back","invocations":1,"location":null,"numPassingAsserts":8,"retryReasons":[],"status":"passed","title":"appointment modal hides background and restores it after cancel or native Back"},{"ancestorTitles":[],"duration":173,"failureDetails":[],"failureMessages":[],"fullName":"message modal hides background and restores it after cancel or native Back","invocations":1,"location":null,"numPassingAsserts":8,"retryReasons":[],"status":"passed","title":"message modal hides background and restores it after cancel or native Back"},{"ancestorTitles":[],"duration":488,"failureDetails":[],"failureMessages":[],"fullName":"repeated list actions identify their destination in the accessible name","invocations":1,"location":null,"numPassingAsserts":9,"retryReasons":[],"status":"passed","title":"repeated list actions identify their destination in the accessible name"}],"endTime":1790042870031,"message":"","name":"/Users/terenceboyce/tmp/week6-rn-accessibility/mobile-react-native-app/src/__tests__/accessibility-semantics.test.tsx","startTime":1790042868444,"status":"passed","summary":""},{"assertionResults":[{"ancestorTitles":[],"duration":315,"failureDetails":[],"failureMessages":[],"fullName":"database initialization migrates existing logs and caches the connection","invocations":1,"location":null,"numPassingAsserts":8,"retryReasons":[],"status":"passed","title":"database initialization migrates existing logs and caches the connection"},{"ancestorTitles":[],"duration":916,"failureDetails":[],"failureMessages":[],"fullName":"password hashing is repeatable, salt-sensitive and does not equal plaintext","invocations":1,"location":null,"numPassingAsserts":8,"retryReasons":[],"status":"passed","title":"password hashing is repeatable, salt-sensitive and does not equal plaintext"}],"endTime":1790042871314,"message":"","name":"/Users/terenceboyce/tmp/week6-rn-accessibility/mobile-react-native-app/src/__tests__/database.test.ts","startTime":1790042870046,"status":"passed","summary":""},{"assertionResults":[{"ancestorTitles":[],"duration":202,"failureDetails":[],"failureMessages":[],"fullName":"real navigator goes from sign-in to tabs and medication detail","invocations":1,"location":null,"numPassingAsserts":10,"retryReasons":[],"status":"passed","title":"real navigator goes from sign-in to tabs and medication detail"},{"ancestorTitles":[],"duration":195,"failureDetails":[],"failureMessages":[],"fullName":"Flutter widget: logging a dose then Back updates the medication list","invocations":1,"location":null,"numPassingAsserts":8,"retryReasons":[],"status":"passed","title":"Flutter widget: logging a dose then Back updates the medication list"}],"endTime":1790042871957,"message":"","name":"/Users/terenceboyce/tmp/week6-rn-accessibility/mobile-react-native-app/src/__tests__/navigation.test.tsx","startTime":1790042871325,"status":"passed","summary":""},{"assertionResults":[{"ancestorTitles":[],"duration":85,"failureDetails":[],"failureMessages":[],"fullName":"light rendered screen text, placeholders and input boundaries meet contrast thresholds","invocations":1,"location":null,"numPassingAsserts":676,"retryReasons":[],"status":"passed","title":"light rendered screen text, placeholders and input boundaries meet contrast thresholds"},{"ancestorTitles":[],"duration":78,"failureDetails":[],"failureMessages":[],"fullName":"dark rendered screen text, placeholders and input boundaries meet contrast thresholds","invocations":1,"location":null,"numPassingAsserts":676,"retryReasons":[],"status":"passed","title":"dark rendered screen text, placeholders and input boundaries meet contrast thresholds"}],"endTime":1790042872202,"message":"","name":"/Users/terenceboyce/tmp/week6-rn-accessibility/mobile-react-native-app/src/__tests__/rendered-contrast.test.tsx","startTime":1790042871972,"status":"passed","summary":""},{"assertionResults":[{"ancestorTitles":[],"duration":1,"failureDetails":[],"failureMessages":[],"fullName":"Flutter medication_test: fictional schedule contains the expected medication","invocations":1,"location":null,"numPassingAsserts":12,"retryReasons":[],"status":"passed","title":"Flutter medication_test: fictional schedule contains the expected medication"},{"ancestorTitles":[],"duration":1,"failureDetails":[],"failureMessages":[],"fullName":"Flutter domain_and_state: fictional messages contain required fields","invocations":1,"location":null,"numPassingAsserts":9,"retryReasons":[],"status":"passed","title":"Flutter domain_and_state: fictional messages contain required fields"},{"ancestorTitles":[],"duration":53,"failureDetails":[],"failureMessages":[],"fullName":"Flutter provider_repository: register, finish onboarding, log out and sign in again","invocations":1,"location":null,"numPassingAsserts":9,"retryReasons":[],"status":"passed","title":"Flutter provider_repository: register, finish onboarding, log out and sign in again"},{"ancestorTitles":[],"duration":2,"failureDetails":[],"failureMessages":[],"fullName":"Flutter provider_repository: medication logs are newest first and survive provider recreation","invocations":1,"location":null,"numPassingAsserts":3,"retryReasons":[],"status":"passed","title":"Flutter provider_repository: medication logs are newest first and survive provider recreation"},{"ancestorTitles":[],"duration":1,"failureDetails":[],"failureMessages":[],"fullName":"Flutter provider_repository: health symptom and optional notes survive provider recreation","invocations":1,"location":null,"numPassingAsserts":1,"retryReasons":[],"status":"passed","title":"Flutter provider_repository: health symptom and optional notes survive provider recreation"}],"endTime":1790042872308,"message":"","name":"/Users/terenceboyce/tmp/week6-rn-accessibility/mobile-react-native-app/src/__tests__/flutter-parity.test.tsx","startTime":1790042872217,"status":"passed","summary":""},{"assertionResults":[{"ancestorTitles":[],"duration":2,"failureDetails":[],"failureMessages":[],"fullName":"reduced motion disables actual native stack animation options","invocations":1,"location":null,"numPassingAsserts":2,"retryReasons":[],"status":"passed","title":"reduced motion disables actual native stack animation options"},{"ancestorTitles":[],"duration":0,"failureDetails":[],"failureMessages":[],"fullName":"light text and enabled action colors meet normal-text contrast","invocations":1,"location":null,"numPassingAsserts":5,"retryReasons":[],"status":"passed","title":"light text and enabled action colors meet normal-text contrast"},{"ancestorTitles":[],"duration":0,"failureDetails":[],"failureMessages":[],"fullName":"dark text and enabled action colors meet normal-text contrast","invocations":1,"location":null,"numPassingAsserts":5,"retryReasons":[],"status":"passed","title":"dark text and enabled action colors meet normal-text contrast"}],"endTime":1790042872385,"message":"","name":"/Users/terenceboyce/tmp/week6-rn-accessibility/mobile-react-native-app/src/__tests__/accessibility-regression.test.tsx","startTime":1790042872321,"status":"passed","summary":""},{"assertionResults":[{"ancestorTitles":[],"duration":0,"failureDetails":[],"failureMessages":[],"fullName":"registration normalizes email, hashes passwords and uses bound SQL","invocations":1,"location":null,"numPassingAsserts":4,"retryReasons":[],"status":"passed","title":"registration normalizes email, hashes passwords and uses bound SQL"},{"ancestorTitles":[],"duration":0,"failureDetails":[],"failureMessages":[],"fullName":"duplicate registration does not write","invocations":1,"location":null,"numPassingAsserts":2,"retryReasons":[],"status":"passed","title":"duplicate registration does not write"},{"ancestorTitles":[],"duration":0,"failureDetails":[],"failureMessages":[],"fullName":"authentication rejects unknown or wrong passwords and exposes no hash","invocations":1,"location":null,"numPassingAsserts":4,"retryReasons":[],"status":"passed","title":"authentication rejects unknown or wrong passwords and exposes no hash"},{"ancestorTitles":[],"duration":3,"failureDetails":[],"failureMessages":[],"fullName":"database failures propagate instead of claiming successful writes","invocations":1,"location":null,"numPassingAsserts":1,"retryReasons":[],"status":"passed","title":"database failures propagate instead of claiming successful writes"},{"ancestorTitles":[],"duration":0,"failureDetails":[],"failureMessages":[],"fullName":"health records are mapped and queried for the signed-in user","invocations":1,"location":null,"numPassingAsserts":4,"retryReasons":[],"status":"passed","title":"health records are mapped and queried for the signed-in user"},{"ancestorTitles":[],"duration":1,"failureDetails":[],"failureMessages":[],"fullName":"medication records preserve names and actual timestamps per account","invocations":1,"location":null,"numPassingAsserts":3,"retryReasons":[],"status":"passed","title":"medication records preserve names and actual timestamps per account"},{"ancestorTitles":[],"duration":0,"failureDetails":[],"failureMessages":[],"fullName":"preferences survive repository recreation and stay scoped by account","invocations":1,"location":null,"numPassingAsserts":3,"retryReasons":[],"status":"passed","title":"preferences survive repository recreation and stay scoped by account"},{"ancestorTitles":[],"duration":0,"failureDetails":[],"failureMessages":[],"fullName":"corrupt JSON falls back; failed storage writes propagate","invocations":1,"location":null,"numPassingAsserts":2,"retryReasons":[],"status":"passed","title":"corrupt JSON falls back; failed storage writes propagate"}],"endTime":1790042872436,"message":"","name":"/Users/terenceboyce/tmp/week6-rn-accessibility/mobile-react-native-app/src/__tests__/repositories.test.ts","startTime":1790042872400,"status":"passed","summary":""}],"wasInterrupted":false,"coverageMap":{"/Users/terenceboyce/tmp/week6-rn-accessibility/mobile-react-native-app/src/data/database.ts":{"path":"/Users/terenceboyce/tmp/week6-rn-accessibility/mobile-react-native-app/src/data/database.ts","statementMap":{"0":{"start":{"line":7,"column":22},"end":{"line":7,"column":47}},"1":{"start":{"line":8,"column":24},"end":{"line":8,"column":31}},"2":{"start":{"line":13,"column":2},"end":{"line":13,"column":37}},"3":{"start":{"line":14,"column":2},"end":{"line":14,"column":25}},"4":{"start":{"line":18,"column":19},"end":{"line":18,"column":64}},"5":{"start":{"line":19,"column":2},"end":{"line":19,"column":83}},"6":{"start":{"line":20,"column":2},"end":{"line":47,"column":5}},"7":{"start":{"line":21,"column":4},"end":{"line":46,"column":7}},"8":{"start":{"line":48,"column":2},"end":{"line":48,"column":29}},"9":{"start":{"line":49,"column":2},"end":{"line":49,"column":44}},"10":{"start":{"line":50,"column":2},"end":{"line":50,"column":18}},"11":{"start":{"line":54,"column":17},"end":{"line":54,"column":138}},"12":{"start":{"line":55,"column":2},"end":{"line":55,"column":86}},"13":{"start":{"line":55,"column":15},"end":{"line":55,"column":86}},"14":{"start":{"line":56,"column":28},"end":{"line":56,"column":110}},"15":{"start":{"line":57,"column":24},"end":{"line":57,"column":102}},"16":{"start":{"line":58,"column":2},"end":{"line":69,"column":5}},"17":{"start":{"line":59,"column":4},"end":{"line":61,"column":5}},"18":{"start":{"line":59,"column":42},"end":{"line":59,"column":67}},"19":{"start":{"line":60,"column":6},"end":{"line":60,"column":90}},"20":{"start":{"line":62,"column":4},"end":{"line":64,"column":5}},"21":{"start":{"line":62,"column":38},"end":{"line":62,"column":63}},"22":{"start":{"line":63,"column":6},"end":{"line":63,"column":86}},"23":{"start":{"line":66,"column":4},"end":{"line":66,"column":103}},"24":{"start":{"line":67,"column":4},"end":{"line":67,"column":99}},"25":{"start":{"line":68,"column":4},"end":{"line":68,"column":209}},"26":{"start":{"line":73,"column":19},"end":{"line":76,"column":3}},"27":{"start":{"line":77,"column":2},"end":{"line":77,"column":23}},"28":{"start":{"line":77,"column":16},"end":{"line":77,"column":23}},"29":{"start":{"line":78,"column":15},"end":{"line":78,"column":33}},"30":{"start":{"line":79,"column":23},"end":{"line":79,"column":59}},"31":{"start":{"line":80,"column":2},"end":{"line":88,"column":4}},"32":{"start":{"line":92,"column":2},"end":{"line":92,"column":58}},"33":{"start":{"line":96,"column":15},"end":{"line":99,"column":4}},"34":{"start":{"line":100,"column":2},"end":{"line":100,"column":26}},"35":{"start":{"line":104,"column":2},"end":{"line":104,"column":49}},"36":{"start":{"line":104,"column":36},"end":{"line":104,"column":49}},"37":{"start":{"line":105,"column":19},"end":{"line":105,"column":20}},"38":{"start":{"line":106,"column":2},"end":{"line":108,"column":3}},"39":{"start":{"line":106,"column":19},"end":{"line":106,"column":20}},"40":{"start":{"line":107,"column":4},"end":{"line":107,"column":67}},"41":{"start":{"line":109,"column":2},"end":{"line":109,"column":26}},"42":{"start":{"line":113,"column":2},"end":{"line":113,"column":80}},"43":{"start":{"line":113,"column":35},"end":{"line":113,"column":69}},"44":{"start":{"line":117,"column":2},"end":{"line":117,"column":95}},"45":{"start":{"line":117,"column":61},"end":{"line":117,"column":86}}},"fnMap":{"0":{"name":"getDatabase","decl":{"start":{"line":12,"column":16},"end":{"line":12,"column":27}},"loc":{"start":{"line":12,"column":62},"end":{"line":15,"column":1}},"line":12},"1":{"name":"openDatabase","decl":{"start":{"line":17,"column":15},"end":{"line":17,"column":27}},"loc":{"start":{"line":17,"column":62},"end":{"line":51,"column":1}},"line":17},"2":{"name":"(anonymous_2)","decl":{"start":{"line":20,"column":38},"end":{"line":20,"column":39}},"loc":{"start":{"line":20,"column":50},"end":{"line":47,"column":3}},"line":20},"3":{"name":"migrateLogsToUserAccounts","decl":{"start":{"line":53,"column":15},"end":{"line":53,"column":40}},"loc":{"start":{"line":53,"column":89},"end":{"line":70,"column":1}},"line":53},"4":{"name":"(anonymous_4)","decl":{"start":{"line":58,"column":38},"end":{"line":58,"column":39}},"loc":{"start":{"line":58,"column":50},"end":{"line":69,"column":3}},"line":58},"5":{"name":"(anonymous_5)","decl":{"start":{"line":59,"column":32},"end":{"line":59,"column":33}},"loc":{"start":{"line":59,"column":42},"end":{"line":59,"column":67}},"line":59},"6":{"name":"(anonymous_6)","decl":{"start":{"line":62,"column":28},"end":{"line":62,"column":29}},"loc":{"start":{"line":62,"column":38},"end":{"line":62,"column":63}},"line":62},"7":{"name":"seedOlivia","decl":{"start":{"line":72,"column":15},"end":{"line":72,"column":25}},"loc":{"start":{"line":72,"column":74},"end":{"line":89,"column":1}},"line":72},"8":{"name":"createSalt","decl":{"start":{"line":91,"column":22},"end":{"line":91,"column":32}},"loc":{"start":{"line":91,"column":52},"end":{"line":93,"column":1}},"line":91},"9":{"name":"derivePasswordHash","decl":{"start":{"line":95,"column":16},"end":{"line":95,"column":34}},"loc":{"start":{"line":95,"column":78},"end":{"line":101,"column":1}},"line":95},"10":{"name":"constantTimeEqual","decl":{"start":{"line":103,"column":16},"end":{"line":103,"column":33}},"loc":{"start":{"line":103,"column":72},"end":{"line":110,"column":1}},"line":103},"11":{"name":"bytesToHex","decl":{"start":{"line":112,"column":9},"end":{"line":112,"column":19}},"loc":{"start":{"line":112,"column":47},"end":{"line":114,"column":1}},"line":112},"12":{"name":"(anonymous_12)","decl":{"start":{"line":113,"column":27},"end":{"line":113,"column":28}},"loc":{"start":{"line":113,"column":35},"end":{"line":113,"column":69}},"line":113},"13":{"name":"hexToBytes","decl":{"start":{"line":116,"column":9},"end":{"line":116,"column":19}},"loc":{"start":{"line":116,"column":47},"end":{"line":118,"column":1}},"line":116},"14":{"name":"(anonymous_14)","decl":{"start":{"line":117,"column":53},"end":{"line":117,"column":54}},"loc":{"start":{"line":117,"column":61},"end":{"line":117,"column":86}},"line":117}},"branchMap":{"0":{"loc":{"start":{"line":55,"column":2},"end":{"line":55,"column":86}},"type":"if","locations":[{"start":{"line":55,"column":2},"end":{"line":55,"column":86}},{"start":{},"end":{}}],"line":55},"1":{"loc":{"start":{"line":59,"column":4},"end":{"line":61,"column":5}},"type":"if","locations":[{"start":{"line":59,"column":4},"end":{"line":61,"column":5}},{"start":{},"end":{}}],"line":59},"2":{"loc":{"start":{"line":62,"column":4},"end":{"line":64,"column":5}},"type":"if","locations":[{"start":{"line":62,"column":4},"end":{"line":64,"column":5}},{"start":{},"end":{}}],"line":62},"3":{"loc":{"start":{"line":77,"column":2},"end":{"line":77,"column":23}},"type":"if","locations":[{"start":{"line":77,"column":2},"end":{"line":77,"column":23}},{"start":{},"end":{}}],"line":77},"4":{"loc":{"start":{"line":104,"column":2},"end":{"line":104,"column":49}},"type":"if","locations":[{"start":{"line":104,"column":2},"end":{"line":104,"column":49}},{"start":{},"end":{}}],"line":104},"5":{"loc":{"start":{"line":117,"column":25},"end":{"line":117,"column":93}},"type":"binary-expr","locations":[{"start":{"line":117,"column":25},"end":{"line":117,"column":87}},{"start":{"line":117,"column":91},"end":{"line":117,"column":93}}],"line":117}},"s":{"0":8,"1":8,"2":2,"3":2,"4":1,"5":1,"6":1,"7":1,"8":1,"9":1,"10":1,"11":1,"12":1,"13":0,"14":1,"15":1,"16":1,"17":1,"18":0,"19":1,"20":1,"21":0,"22":1,"23":1,"24":1,"25":1,"26":1,"27":1,"28":0,"29":1,"30":1,"31":1,"32":2,"33":4,"34":4,"35":3,"36":1,"37":2,"38":2,"39":2,"40":128,"41":2,"42":6,"43":160,"44":4,"45":64},"f":{"0":2,"1":1,"2":1,"3":1,"4":1,"5":0,"6":0,"7":1,"8":2,"9":4,"10":3,"11":6,"12":160,"13":4,"14":64},"b":{"0":[0,1],"1":[1,0],"2":[1,0],"3":[0,1],"4":[1,2],"5":[4,0]},"_coverageSchema":"1a1c01bbd47fc00a2c39e90264f33305004495a9","hash":"833fc4a897e04d213a82beeafef63915f38195c4"},"/Users/terenceboyce/tmp/week6-rn-accessibility/mobile-react-native-app/src/data/repositories.ts":{"path":"/Users/terenceboyce/tmp/week6-rn-accessibility/mobile-react-native-app/src/data/repositories.ts","statementMap":{"0":{"start":{"line":16,"column":21},"end":{"line":16,"column":40}},"1":{"start":{"line":17,"column":28},"end":{"line":17,"column":54}},"2":{"start":{"line":18,"column":21},"end":{"line":18,"column":130}},"3":{"start":{"line":19,"column":4},"end":{"line":19,"column":46}},"4":{"start":{"line":19,"column":18},"end":{"line":19,"column":46}},"5":{"start":{"line":20,"column":17},"end":{"line":20,"column":35}},"6":{"start":{"line":21,"column":4},"end":{"line":25,"column":6}},"7":{"start":{"line":26,"column":4},"end":{"line":26,"column":21}},"8":{"start":{"line":30,"column":21},"end":{"line":30,"column":40}},"9":{"start":{"line":31,"column":16},"end":{"line":34,"column":5}},"10":{"start":{"line":35,"column":4},"end":{"line":35,"column":116}},"11":{"start":{"line":35,"column":104},"end":{"line":35,"column":116}},"12":{"start":{"line":36,"column":4},"end":{"line":36,"column":69}},"13":{"start":{"line":49,"column":21},"end":{"line":49,"column":40}},"14":{"start":{"line":50,"column":17},"end":{"line":50,"column":143}},"15":{"start":{"line":51,"column":4},"end":{"line":51,"column":156}},"16":{"start":{"line":51,"column":28},"end":{"line":51,"column":153}},"17":{"start":{"line":55,"column":21},"end":{"line":55,"column":40}},"18":{"start":{"line":56,"column":19},"end":{"line":59,"column":5}},"19":{"start":{"line":60,"column":4},"end":{"line":60,"column":89}},"20":{"start":{"line":73,"column":21},"end":{"line":73,"column":40}},"21":{"start":{"line":74,"column":17},"end":{"line":74,"column":138}},"22":{"start":{"line":75,"column":4},"end":{"line":75,"column":132}},"23":{"start":{"line":75,"column":28},"end":{"line":75,"column":129}},"24":{"start":{"line":79,"column":21},"end":{"line":79,"column":40}},"25":{"start":{"line":80,"column":19},"end":{"line":83,"column":5}},"26":{"start":{"line":84,"column":4},"end":{"line":84,"column":78}},"27":{"start":{"line":88,"column":28},"end":{"line":88,"column":67}},"28":{"start":{"line":97,"column":19},"end":{"line":97,"column":66}},"29":{"start":{"line":98,"column":4},"end":{"line":98,"column":33}},"30":{"start":{"line":98,"column":17},"end":{"line":98,"column":33}},"31":{"start":{"line":99,"column":4},"end":{"line":103,"column":5}},"32":{"start":{"line":100,"column":6},"end":{"line":100,"column":75}},"33":{"start":{"line":102,"column":6},"end":{"line":102,"column":22}},"34":{"start":{"line":107,"column":4},"end":{"line":107,"column":78}},"35":{"start":{"line":112,"column":2},"end":{"line":112,"column":44}}},"fnMap":{"0":{"name":"(anonymous_0)","decl":{"start":{"line":15,"column":2},"end":{"line":15,"column":3}},"loc":{"start":{"line":15,"column":97},"end":{"line":27,"column":3}},"line":15},"1":{"name":"(anonymous_1)","decl":{"start":{"line":29,"column":2},"end":{"line":29,"column":3}},"loc":{"start":{"line":29,"column":86},"end":{"line":37,"column":3}},"line":29},"2":{"name":"(anonymous_2)","decl":{"start":{"line":48,"column":2},"end":{"line":48,"column":3}},"loc":{"start":{"line":48,"column":59},"end":{"line":52,"column":3}},"line":48},"3":{"name":"(anonymous_3)","decl":{"start":{"line":51,"column":20},"end":{"line":51,"column":21}},"loc":{"start":{"line":51,"column":28},"end":{"line":51,"column":153}},"line":51},"4":{"name":"(anonymous_4)","decl":{"start":{"line":54,"column":2},"end":{"line":54,"column":3}},"loc":{"start":{"line":54,"column":116},"end":{"line":61,"column":3}},"line":54},"5":{"name":"(anonymous_5)","decl":{"start":{"line":72,"column":2},"end":{"line":72,"column":3}},"loc":{"start":{"line":72,"column":55},"end":{"line":76,"column":3}},"line":72},"6":{"name":"(anonymous_6)","decl":{"start":{"line":75,"column":20},"end":{"line":75,"column":21}},"loc":{"start":{"line":75,"column":28},"end":{"line":75,"column":129}},"line":75},"7":{"name":"(anonymous_7)","decl":{"start":{"line":78,"column":2},"end":{"line":78,"column":3}},"loc":{"start":{"line":78,"column":101},"end":{"line":85,"column":3}},"line":78},"8":{"name":"(anonymous_8)","decl":{"start":{"line":96,"column":2},"end":{"line":96,"column":3}},"loc":{"start":{"line":96,"column":68},"end":{"line":104,"column":3}},"line":96},"9":{"name":"(anonymous_9)","decl":{"start":{"line":106,"column":2},"end":{"line":106,"column":3}},"loc":{"start":{"line":106,"column":64},"end":{"line":108,"column":3}},"line":106},"10":{"name":"settingsKey","decl":{"start":{"line":111,"column":9},"end":{"line":111,"column":20}},"loc":{"start":{"line":111,"column":45},"end":{"line":113,"column":1}},"line":111}},"branchMap":{"0":{"loc":{"start":{"line":19,"column":4},"end":{"line":19,"column":46}},"type":"if","locations":[{"start":{"line":19,"column":4},"end":{"line":19,"column":46}},{"start":{},"end":{}}],"line":19},"1":{"loc":{"start":{"line":35,"column":4},"end":{"line":35,"column":116}},"type":"if","locations":[{"start":{"line":35,"column":4},"end":{"line":35,"column":116}},{"start":{},"end":{}}],"line":35},"2":{"loc":{"start":{"line":35,"column":8},"end":{"line":35,"column":102}},"type":"binary-expr","locations":[{"start":{"line":35,"column":8},"end":{"line":35,"column":12}},{"start":{"line":35,"column":16},"end":{"line":35,"column":102}}],"line":35},"3":{"loc":{"start":{"line":98,"column":4},"end":{"line":98,"column":33}},"type":"if","locations":[{"start":{"line":98,"column":4},"end":{"line":98,"column":33}},{"start":{},"end":{}}],"line":98}},"s":{"0":2,"1":2,"2":2,"3":2,"4":1,"5":1,"6":1,"7":1,"8":3,"9":3,"10":3,"11":2,"12":1,"13":1,"14":1,"15":1,"16":1,"17":1,"18":1,"19":1,"20":1,"21":1,"22":1,"23":1,"24":2,"25":2,"26":1,"27":8,"28":4,"29":4,"30":2,"31":2,"32":2,"33":1,"34":2,"35":6},"f":{"0":2,"1":3,"2":1,"3":1,"4":1,"5":1,"6":1,"7":2,"8":4,"9":2,"10":6},"b":{"0":[1,1],"1":[2,1],"2":[3,2],"3":[2,2]},"_coverageSchema":"1a1c01bbd47fc00a2c39e90264f33305004495a9","hash":"c34a83590a432b4b57e2e7c469b473fe07f10774"},"/Users/terenceboyce/tmp/week6-rn-accessibility/mobile-react-native-app/src/context/AppContext.tsx":{"path":"/Users/terenceboyce/tmp/week6-rn-accessibility/mobile-react-native-app/src/context/AppContext.tsx","statementMap":{"0":{"start":{"line":27,"column":38},"end":{"line":27,"column":160}},"1":{"start":{"line":28,"column":28},"end":{"line":28,"column":210}},"2":{"start":{"line":29,"column":16},"end":{"line":29,"column":62}},"3":{"start":{"line":32,"column":19},"end":{"line":32,"column":95}},"4":{"start":{"line":32,"column":34},"end":{"line":32,"column":77}},"5":{"start":{"line":33,"column":42},"end":{"line":33,"column":77}},"6":{"start":{"line":34,"column":32},"end":{"line":34,"column":69}},"7":{"start":{"line":35,"column":34},"end":{"line":35,"column":56}},"8":{"start":{"line":36,"column":46},"end":{"line":36,"column":75}},"9":{"start":{"line":37,"column":26},"end":{"line":37,"column":51}},"10":{"start":{"line":38,"column":30},"end":{"line":38,"column":45}},"11":{"start":{"line":38,"column":73},"end":{"line":38,"column":88}},"12":{"start":{"line":40,"column":2},"end":{"line":44,"column":9}},"13":{"start":{"line":41,"column":18},"end":{"line":41,"column":22}},"14":{"start":{"line":42,"column":4},"end":{"line":42,"column":67}},"15":{"start":{"line":42,"column":35},"end":{"line":42,"column":63}},"16":{"start":{"line":42,"column":48},"end":{"line":42,"column":63}},"17":{"start":{"line":43,"column":4},"end":{"line":43,"column":38}},"18":{"start":{"line":43,"column":19},"end":{"line":43,"column":35}},"19":{"start":{"line":46,"column":26},"end":{"line":55,"column":16}},"20":{"start":{"line":47,"column":66},"end":{"line":51,"column":6}},"21":{"start":{"line":52,"column":4},"end":{"line":52,"column":31}},"22":{"start":{"line":53,"column":4},"end":{"line":53,"column":43}},"23":{"start":{"line":54,"column":4},"end":{"line":54,"column":29}},"24":{"start":{"line":57,"column":17},"end":{"line":61,"column":33}},"25":{"start":{"line":58,"column":4},"end":{"line":58,"column":18}},"26":{"start":{"line":59,"column":4},"end":{"line":60,"column":103}},"27":{"start":{"line":59,"column":32},"end":{"line":59,"column":81}},"28":{"start":{"line":59,"column":83},"end":{"line":59,"column":144}},"29":{"start":{"line":59,"column":103},"end":{"line":59,"column":144}},"30":{"start":{"line":59,"column":145},"end":{"line":59,"column":185}},"31":{"start":{"line":59,"column":186},"end":{"line":59,"column":212}},"32":{"start":{"line":59,"column":213},"end":{"line":59,"column":241}},"33":{"start":{"line":59,"column":242},"end":{"line":59,"column":254}},"34":{"start":{"line":60,"column":12},"end":{"line":60,"column":73}},"35":{"start":{"line":60,"column":86},"end":{"line":60,"column":101}},"36":{"start":{"line":62,"column":17},"end":{"line":66,"column":16}},"37":{"start":{"line":63,"column":4},"end":{"line":63,"column":18}},"38":{"start":{"line":64,"column":4},"end":{"line":65,"column":112}},"39":{"start":{"line":64,"column":25},"end":{"line":64,"column":76}},"40":{"start":{"line":64,"column":78},"end":{"line":64,"column":166}},"41":{"start":{"line":64,"column":115},"end":{"line":64,"column":166}},"42":{"start":{"line":64,"column":183},"end":{"line":64,"column":232}},"43":{"start":{"line":64,"column":234},"end":{"line":64,"column":325}},"44":{"start":{"line":64,"column":248},"end":{"line":64,"column":325}},"45":{"start":{"line":64,"column":326},"end":{"line":64,"column":381}},"46":{"start":{"line":64,"column":382},"end":{"line":64,"column":408}},"47":{"start":{"line":64,"column":409},"end":{"line":64,"column":431}},"48":{"start":{"line":64,"column":432},"end":{"line":64,"column":444}},"49":{"start":{"line":64,"column":445},"end":{"line":64,"column":465}},"50":{"start":{"line":64,"column":466},"end":{"line":64,"column":504}},"51":{"start":{"line":64,"column":505},"end":{"line":64,"column":517}},"52":{"start":{"line":65,"column":12},"end":{"line":65,"column":82}},"53":{"start":{"line":65,"column":95},"end":{"line":65,"column":110}},"54":{"start":{"line":67,"column":25},"end":{"line":67,"column":129}},"55":{"start":{"line":67,"column":70},"end":{"line":67,"column":122}},"56":{"start":{"line":67,"column":94},"end":{"line":67,"column":119}},"57":{"start":{"line":68,"column":24},"end":{"line":68,"column":77}},"58":{"start":{"line":68,"column":44},"end":{"line":68,"column":70}},"59":{"start":{"line":69,"column":23},"end":{"line":72,"column":35}},"60":{"start":{"line":70,"column":4},"end":{"line":70,"column":69}},"61":{"start":{"line":70,"column":18},"end":{"line":70,"column":69}},"62":{"start":{"line":71,"column":4},"end":{"line":71,"column":55}},"63":{"start":{"line":73,"column":30},"end":{"line":73,"column":338}},"64":{"start":{"line":73,"column":78},"end":{"line":73,"column":155}},"65":{"start":{"line":73,"column":92},"end":{"line":73,"column":155}},"66":{"start":{"line":73,"column":170},"end":{"line":73,"column":262}},"67":{"start":{"line":73,"column":264},"end":{"line":73,"column":314}},"68":{"start":{"line":73,"column":293},"end":{"line":73,"column":312}},"69":{"start":{"line":74,"column":17},"end":{"line":74,"column":305}},"70":{"start":{"line":74,"column":73},"end":{"line":74,"column":152}},"71":{"start":{"line":74,"column":87},"end":{"line":74,"column":152}},"72":{"start":{"line":74,"column":167},"end":{"line":74,"column":239}},"73":{"start":{"line":74,"column":241},"end":{"line":74,"column":281}},"74":{"start":{"line":74,"column":260},"end":{"line":74,"column":279}},"75":{"start":{"line":75,"column":16},"end":{"line":80,"column":179}},"76":{"start":{"line":75,"column":41},"end":{"line":80,"column":3}},"77":{"start":{"line":78,"column":68},"end":{"line":78,"column":144}},"78":{"start":{"line":78,"column":82},"end":{"line":78,"column":144}},"79":{"start":{"line":78,"column":145},"end":{"line":78,"column":196}},"80":{"start":{"line":78,"column":197},"end":{"line":78,"column":225}},"81":{"start":{"line":79,"column":21},"end":{"line":79,"column":38}},"82":{"start":{"line":79,"column":39},"end":{"line":79,"column":65}},"83":{"start":{"line":79,"column":66},"end":{"line":79,"column":88}},"84":{"start":{"line":79,"column":89},"end":{"line":79,"column":101}},"85":{"start":{"line":79,"column":102},"end":{"line":79,"column":131}},"86":{"start":{"line":81,"column":2},"end":{"line":81,"column":71}},"87":{"start":{"line":85,"column":16},"end":{"line":85,"column":35}},"88":{"start":{"line":86,"column":2},"end":{"line":86,"column":72}},"89":{"start":{"line":86,"column":14},"end":{"line":86,"column":72}},"90":{"start":{"line":87,"column":2},"end":{"line":87,"column":15}}},"fnMap":{"0":{"name":"AppProvider","decl":{"start":{"line":31,"column":16},"end":{"line":31,"column":27}},"loc":{"start":{"line":31,"column":93},"end":{"line":82,"column":1}},"line":31},"1":{"name":"(anonymous_1)","decl":{"start":{"line":32,"column":27},"end":{"line":32,"column":28}},"loc":{"start":{"line":32,"column":34},"end":{"line":32,"column":77}},"line":32},"2":{"name":"(anonymous_2)","decl":{"start":{"line":40,"column":12},"end":{"line":40,"column":13}},"loc":{"start":{"line":40,"column":18},"end":{"line":44,"column":3}},"line":40},"3":{"name":"(anonymous_3)","decl":{"start":{"line":42,"column":27},"end":{"line":42,"column":28}},"loc":{"start":{"line":42,"column":33},"end":{"line":42,"column":65}},"line":42},"4":{"name":"(anonymous_4)","decl":{"start":{"line":43,"column":11},"end":{"line":43,"column":12}},"loc":{"start":{"line":43,"column":17},"end":{"line":43,"column":37}},"line":43},"5":{"name":"(anonymous_5)","decl":{"start":{"line":46,"column":38},"end":{"line":46,"column":39}},"loc":{"start":{"line":46,"column":64},"end":{"line":55,"column":3}},"line":46},"6":{"name":"(anonymous_6)","decl":{"start":{"line":57,"column":29},"end":{"line":57,"column":30}},"loc":{"start":{"line":57,"column":96},"end":{"line":61,"column":3}},"line":57},"7":{"name":"(anonymous_7)","decl":{"start":{"line":62,"column":29},"end":{"line":62,"column":30}},"loc":{"start":{"line":62,"column":110},"end":{"line":66,"column":3}},"line":62},"8":{"name":"(anonymous_8)","decl":{"start":{"line":67,"column":37},"end":{"line":67,"column":38}},"loc":{"start":{"line":67,"column":68},"end":{"line":67,"column":124}},"line":67},"9":{"name":"(anonymous_9)","decl":{"start":{"line":67,"column":82},"end":{"line":67,"column":83}},"loc":{"start":{"line":67,"column":94},"end":{"line":67,"column":119}},"line":67},"10":{"name":"(anonymous_10)","decl":{"start":{"line":68,"column":36},"end":{"line":68,"column":37}},"loc":{"start":{"line":68,"column":42},"end":{"line":68,"column":72}},"line":68},"11":{"name":"(anonymous_11)","decl":{"start":{"line":69,"column":35},"end":{"line":69,"column":36}},"loc":{"start":{"line":69,"column":47},"end":{"line":72,"column":3}},"line":69},"12":{"name":"(anonymous_12)","decl":{"start":{"line":73,"column":42},"end":{"line":73,"column":43}},"loc":{"start":{"line":73,"column":76},"end":{"line":73,"column":316}},"line":73},"13":{"name":"(anonymous_13)","decl":{"start":{"line":73,"column":282},"end":{"line":73,"column":283}},"loc":{"start":{"line":73,"column":293},"end":{"line":73,"column":312}},"line":73},"14":{"name":"(anonymous_14)","decl":{"start":{"line":74,"column":29},"end":{"line":74,"column":30}},"loc":{"start":{"line":74,"column":71},"end":{"line":74,"column":283}},"line":74},"15":{"name":"(anonymous_15)","decl":{"start":{"line":74,"column":249},"end":{"line":74,"column":250}},"loc":{"start":{"line":74,"column":260},"end":{"line":74,"column":279}},"line":74},"16":{"name":"(anonymous_16)","decl":{"start":{"line":75,"column":34},"end":{"line":75,"column":35}},"loc":{"start":{"line":75,"column":41},"end":{"line":80,"column":3}},"line":75},"17":{"name":"(anonymous_17)","decl":{"start":{"line":78,"column":54},"end":{"line":78,"column":55}},"loc":{"start":{"line":78,"column":66},"end":{"line":78,"column":227}},"line":78},"18":{"name":"(anonymous_18)","decl":{"start":{"line":79,"column":13},"end":{"line":79,"column":14}},"loc":{"start":{"line":79,"column":19},"end":{"line":79,"column":133}},"line":79},"19":{"name":"useApp","decl":{"start":{"line":84,"column":16},"end":{"line":84,"column":22}},"loc":{"start":{"line":84,"column":35},"end":{"line":88,"column":1}},"line":84}},"branchMap":{"0":{"loc":{"start":{"line":42,"column":35},"end":{"line":42,"column":63}},"type":"if","locations":[{"start":{"line":42,"column":35},"end":{"line":42,"column":63}},{"start":{},"end":{}}],"line":42},"1":{"loc":{"start":{"line":59,"column":83},"end":{"line":59,"column":144}},"type":"if","locations":[{"start":{"line":59,"column":83},"end":{"line":59,"column":144}},{"start":{},"end":{}}],"line":59},"2":{"loc":{"start":{"line":64,"column":78},"end":{"line":64,"column":166}},"type":"if","locations":[{"start":{"line":64,"column":78},"end":{"line":64,"column":166}},{"start":{},"end":{}}],"line":64},"3":{"loc":{"start":{"line":64,"column":234},"end":{"line":64,"column":325}},"type":"if","locations":[{"start":{"line":64,"column":234},"end":{"line":64,"column":325}},{"start":{},"end":{}}],"line":64},"4":{"loc":{"start":{"line":70,"column":4},"end":{"line":70,"column":69}},"type":"if","locations":[{"start":{"line":70,"column":4},"end":{"line":70,"column":69}},{"start":{},"end":{}}],"line":70},"5":{"loc":{"start":{"line":73,"column":78},"end":{"line":73,"column":155}},"type":"if","locations":[{"start":{"line":73,"column":78},"end":{"line":73,"column":155}},{"start":{},"end":{}}],"line":73},"6":{"loc":{"start":{"line":74,"column":73},"end":{"line":74,"column":152}},"type":"if","locations":[{"start":{"line":74,"column":73},"end":{"line":74,"column":152}},{"start":{},"end":{}}],"line":74},"7":{"loc":{"start":{"line":76,"column":23},"end":{"line":76,"column":76}},"type":"binary-expr","locations":[{"start":{"line":76,"column":23},"end":{"line":76,"column":56}},{"start":{"line":76,"column":60},"end":{"line":76,"column":76}}],"line":76},"8":{"loc":{"start":{"line":78,"column":68},"end":{"line":78,"column":144}},"type":"if","locations":[{"start":{"line":78,"column":68},"end":{"line":78,"column":144}},{"start":{},"end":{}}],"line":78},"9":{"loc":{"start":{"line":86,"column":2},"end":{"line":86,"column":72}},"type":"if","locations":[{"start":{"line":86,"column":2},"end":{"line":86,"column":72}},{"start":{},"end":{}}],"line":86}},"s":{"0":8,"1":8,"2":8,"3":135,"4":32,"5":135,"6":135,"7":135,"8":135,"9":135,"10":135,"11":135,"12":135,"13":32,"14":32,"15":32,"16":32,"17":32,"18":32,"19":135,"20":29,"21":29,"22":29,"23":29,"24":135,"25":32,"26":32,"27":32,"28":31,"29":2,"30":29,"31":29,"32":29,"33":29,"34":1,"35":32,"36":135,"37":3,"38":3,"39":3,"40":3,"41":1,"42":2,"43":2,"44":0,"45":2,"46":2,"47":2,"48":2,"49":2,"50":2,"51":2,"52":0,"53":3,"54":135,"55":20,"56":20,"57":135,"58":1,"59":135,"60":6,"61":0,"62":6,"63":135,"64":5,"65":0,"66":5,"67":4,"68":4,"69":135,"70":5,"71":0,"72":5,"73":4,"74":4,"75":135,"76":134,"77":2,"78":0,"79":2,"80":2,"81":4,"82":4,"83":4,"84":4,"85":4,"86":135,"87":4132,"88":4132,"89":0,"90":4132},"f":{"0":135,"1":32,"2":32,"3":32,"4":32,"5":29,"6":32,"7":3,"8":20,"9":20,"10":1,"11":6,"12":5,"13":4,"14":5,"15":4,"16":134,"17":2,"18":4,"19":4132},"b":{"0":[32,0],"1":[2,29],"2":[1,2],"3":[0,2],"4":[0,6],"5":[0,5],"6":[0,5],"7":[134,72],"8":[0,2],"9":[0,4132]},"_coverageSchema":"1a1c01bbd47fc00a2c39e90264f33305004495a9","hash":"1ca83b755652992a7d49fa57107c0366b4d39384"},"/Users/terenceboyce/tmp/week6-rn-accessibility/mobile-react-native-app/src/utils/theme.ts":{"path":"/Users/terenceboyce/tmp/week6-rn-accessibility/mobile-react-native-app/src/utils/theme.ts","statementMap":{"0":{"start":{"line":1,"column":22},"end":{"line":6,"column":1}},"1":{"start":{"line":8,"column":37},"end":{"line":12,"column":1}},"2":{"start":{"line":13,"column":26},"end":{"line":13,"column":117}},"3":{"start":{"line":13,"column":50},"end":{"line":13,"column":117}},"4":{"start":{"line":14,"column":33},"end":{"line":14,"column":136}},"5":{"start":{"line":14,"column":57},"end":{"line":14,"column":136}},"6":{"start":{"line":15,"column":30},"end":{"line":15,"column":166}},"7":{"start":{"line":15,"column":54},"end":{"line":15,"column":166}},"8":{"start":{"line":16,"column":30},"end":{"line":16,"column":188}},"9":{"start":{"line":16,"column":68},"end":{"line":16,"column":188}}},"fnMap":{"0":{"name":"(anonymous_0)","decl":{"start":{"line":13,"column":26},"end":{"line":13,"column":27}},"loc":{"start":{"line":13,"column":50},"end":{"line":13,"column":117}},"line":13},"1":{"name":"(anonymous_1)","decl":{"start":{"line":14,"column":33},"end":{"line":14,"column":34}},"loc":{"start":{"line":14,"column":57},"end":{"line":14,"column":136}},"line":14},"2":{"name":"(anonymous_2)","decl":{"start":{"line":15,"column":30},"end":{"line":15,"column":31}},"loc":{"start":{"line":15,"column":54},"end":{"line":15,"column":166}},"line":15},"3":{"name":"(anonymous_3)","decl":{"start":{"line":16,"column":30},"end":{"line":16,"column":31}},"loc":{"start":{"line":16,"column":68},"end":{"line":16,"column":188}},"line":16}},"branchMap":{"0":{"loc":{"start":{"line":16,"column":68},"end":{"line":16,"column":188}},"type":"binary-expr","locations":[{"start":{"line":16,"column":68},"end":{"line":16,"column":110}},{"start":{"line":16,"column":114},"end":{"line":16,"column":150}},{"start":{"line":16,"column":154},"end":{"line":16,"column":188}}],"line":16}},"s":{"0":6,"1":6,"2":6,"3":2,"4":6,"5":8,"6":6,"7":4,"8":6,"9":2},"f":{"0":2,"1":8,"2":4,"3":2},"b":{"0":[2,2,2]},"_coverageSchema":"1a1c01bbd47fc00a2c39e90264f33305004495a9","hash":"df15c2ceb5981c84087f0fde1a6cc39197abbcbd"},"/Users/terenceboyce/tmp/week6-rn-accessibility/mobile-react-native-app/src/components/UI.tsx":{"path":"/Users/terenceboyce/tmp/week6-rn-accessibility/mobile-react-native-app/src/components/UI.tsx","statementMap":{"0":{"start":{"line":7,"column":34},"end":{"line":7,"column":36}},"1":{"start":{"line":8,"column":36},"end":{"line":8,"column":38}},"2":{"start":{"line":11,"column":51},"end":{"line":11,"column":59}},"3":{"start":{"line":11,"column":81},"end":{"line":11,"column":97}},"4":{"start":{"line":11,"column":115},"end":{"line":11,"column":199}},"5":{"start":{"line":11,"column":201},"end":{"line":11,"column":238}},"6":{"start":{"line":12,"column":99},"end":{"line":12,"column":110}},"7":{"start":{"line":12,"column":112},"end":{"line":12,"column":251}},"8":{"start":{"line":14,"column":12},"end":{"line":14,"column":23}},"9":{"start":{"line":14,"column":49},"end":{"line":14,"column":140}},"10":{"start":{"line":15,"column":2},"end":{"line":15,"column":106}},"11":{"start":{"line":18,"column":23},"end":{"line":18,"column":31}},"12":{"start":{"line":18,"column":43},"end":{"line":18,"column":54}},"13":{"start":{"line":18,"column":76},"end":{"line":18,"column":107}},"14":{"start":{"line":18,"column":122},"end":{"line":18,"column":165}},"15":{"start":{"line":19,"column":2},"end":{"line":19,"column":449}},"16":{"start":{"line":22,"column":23},"end":{"line":22,"column":31}},"17":{"start":{"line":22,"column":43},"end":{"line":22,"column":54}},"18":{"start":{"line":22,"column":80},"end":{"line":22,"column":163}},"19":{"start":{"line":23,"column":2},"end":{"line":23,"column":814}},"20":{"start":{"line":23,"column":289},"end":{"line":23,"column":562}},"21":{"start":{"line":25,"column":22},"end":{"line":25,"column":278}},"22":{"start":{"line":26,"column":15},"end":{"line":26,"column":290}},"23":{"start":{"line":30,"column":2},"end":{"line":30,"column":125}},"24":{"start":{"line":30,"column":20},"end":{"line":30,"column":110}},"25":{"start":{"line":30,"column":58},"end":{"line":30,"column":110}},"26":{"start":{"line":31,"column":2},"end":{"line":31,"column":85}}},"fnMap":{"0":{"name":"useColors","decl":{"start":{"line":11,"column":16},"end":{"line":11,"column":25}},"loc":{"start":{"line":11,"column":28},"end":{"line":11,"column":240}},"line":11},"1":{"name":"Screen","decl":{"start":{"line":12,"column":16},"end":{"line":12,"column":22}},"loc":{"start":{"line":12,"column":87},"end":{"line":12,"column":253}},"line":12},"2":{"name":"Card","decl":{"start":{"line":13,"column":16},"end":{"line":13,"column":20}},"loc":{"start":{"line":13,"column":173},"end":{"line":16,"column":1}},"line":13},"3":{"name":"AppText","decl":{"start":{"line":17,"column":16},"end":{"line":17,"column":23}},"loc":{"start":{"line":17,"column":314},"end":{"line":20,"column":1}},"line":17},"4":{"name":"Button","decl":{"start":{"line":21,"column":16},"end":{"line":21,"column":22}},"loc":{"start":{"line":21,"column":419},"end":{"line":24,"column":1}},"line":21},"5":{"name":"(anonymous_5)","decl":{"start":{"line":23,"column":272},"end":{"line":23,"column":273}},"loc":{"start":{"line":23,"column":289},"end":{"line":23,"column":562}},"line":23},"6":{"name":"StatusMessage","decl":{"start":{"line":29,"column":16},"end":{"line":29,"column":29}},"loc":{"start":{"line":29,"column":120},"end":{"line":32,"column":1}},"line":29},"7":{"name":"(anonymous_7)","decl":{"start":{"line":30,"column":12},"end":{"line":30,"column":13}},"loc":{"start":{"line":30,"column":18},"end":{"line":30,"column":112}},"line":30}},"branchMap":{"0":{"loc":{"start":{"line":11,"column":115},"end":{"line":11,"column":199}},"type":"binary-expr","locations":[{"start":{"line":11,"column":115},"end":{"line":11,"column":140}},{"start":{"line":11,"column":145},"end":{"line":11,"column":172}},{"start":{"line":11,"column":176},"end":{"line":11,"column":198}}],"line":11},"1":{"loc":{"start":{"line":11,"column":208},"end":{"line":11,"column":237}},"type":"cond-expr","locations":[{"start":{"line":11,"column":218},"end":{"line":11,"column":228}},{"start":{"line":11,"column":231},"end":{"line":11,"column":237}}],"line":11},"2":{"loc":{"start":{"line":13,"column":40},"end":{"line":13,"column":56}},"type":"default-arg","locations":[{"start":{"line":13,"column":47},"end":{"line":13,"column":56}}],"line":13},"3":{"loc":{"start":{"line":17,"column":43},"end":{"line":17,"column":58}},"type":"default-arg","locations":[{"start":{"line":17,"column":53},"end":{"line":17,"column":58}}],"line":17},"4":{"loc":{"start":{"line":17,"column":60},"end":{"line":17,"column":77}},"type":"default-arg","locations":[{"start":{"line":17,"column":72},"end":{"line":17,"column":77}}],"line":17},"5":{"loc":{"start":{"line":18,"column":76},"end":{"line":18,"column":107}},"type":"binary-expr","locations":[{"start":{"line":18,"column":76},"end":{"line":18,"column":101}},{"start":{"line":18,"column":105},"end":{"line":18,"column":107}}],"line":18},"6":{"loc":{"start":{"line":18,"column":122},"end":{"line":18,"column":165}},"type":"binary-expr","locations":[{"start":{"line":18,"column":122},"end":{"line":18,"column":142}},{"start":{"line":18,"column":147},"end":{"line":18,"column":164}}],"line":18},"7":{"loc":{"start":{"line":18,"column":147},"end":{"line":18,"column":164}},"type":"cond-expr","locations":[{"start":{"line":18,"column":157},"end":{"line":18,"column":159}},{"start":{"line":18,"column":162},"end":{"line":18,"column":164}}],"line":18},"8":{"loc":{"start":{"line":19,"column":58},"end":{"line":19,"column":115}},"type":"cond-expr","locations":[{"start":{"line":19,"column":68},"end":{"line":19,"column":76}},{"start":{"line":19,"column":79},"end":{"line":19,"column":115}}],"line":19},"9":{"loc":{"start":{"line":19,"column":160},"end":{"line":19,"column":196}},"type":"cond-expr","locations":[{"start":{"line":19,"column":172},"end":{"line":19,"column":187}},{"start":{"line":19,"column":190},"end":{"line":19,"column":196}}],"line":19},"10":{"loc":{"start":{"line":19,"column":282},"end":{"line":19,"column":307}},"type":"binary-expr","locations":[{"start":{"line":19,"column":282},"end":{"line":19,"column":289}},{"start":{"line":19,"column":293},"end":{"line":19,"column":307}}],"line":19},"11":{"loc":{"start":{"line":19,"column":368},"end":{"line":19,"column":404}},"type":"binary-expr","locations":[{"start":{"line":19,"column":368},"end":{"line":19,"column":390}},{"start":{"line":19,"column":394},"end":{"line":19,"column":404}}],"line":19},"12":{"loc":{"start":{"line":21,"column":41},"end":{"line":21,"column":58}},"type":"default-arg","locations":[{"start":{"line":21,"column":53},"end":{"line":21,"column":58}}],"line":21},"13":{"loc":{"start":{"line":21,"column":60},"end":{"line":21,"column":74}},"type":"default-arg","locations":[{"start":{"line":21,"column":69},"end":{"line":21,"column":74}}],"line":21},"14":{"loc":{"start":{"line":21,"column":76},"end":{"line":21,"column":92}},"type":"default-arg","locations":[{"start":{"line":21,"column":87},"end":{"line":21,"column":92}}],"line":21},"15":{"loc":{"start":{"line":21,"column":94},"end":{"line":21,"column":110}},"type":"default-arg","locations":[{"start":{"line":21,"column":105},"end":{"line":21,"column":110}}],"line":21},"16":{"loc":{"start":{"line":22,"column":80},"end":{"line":22,"column":163}},"type":"cond-expr","locations":[{"start":{"line":22,"column":89},"end":{"line":22,"column":105}},{"start":{"line":22,"column":108},"end":{"line":22,"column":163}}],"line":22},"17":{"loc":{"start":{"line":22,"column":108},"end":{"line":22,"column":163}},"type":"cond-expr","locations":[{"start":{"line":22,"column":119},"end":{"line":22,"column":127}},{"start":{"line":22,"column":130},"end":{"line":22,"column":163}}],"line":22},"18":{"loc":{"start":{"line":22,"column":130},"end":{"line":22,"column":163}},"type":"cond-expr","locations":[{"start":{"line":22,"column":142},"end":{"line":22,"column":151}},{"start":{"line":22,"column":154},"end":{"line":22,"column":163}}],"line":22},"19":{"loc":{"start":{"line":23,"column":116},"end":{"line":23,"column":143}},"type":"binary-expr","locations":[{"start":{"line":23,"column":116},"end":{"line":23,"column":134}},{"start":{"line":23,"column":138},"end":{"line":23,"column":143}}],"line":23},"20":{"loc":{"start":{"line":23,"column":318},"end":{"line":23,"column":372}},"type":"cond-expr","locations":[{"start":{"line":23,"column":347},"end":{"line":23,"column":349}},{"start":{"line":23,"column":352},"end":{"line":23,"column":372}}],"line":23},"21":{"loc":{"start":{"line":23,"column":434},"end":{"line":23,"column":486}},"type":"cond-expr","locations":[{"start":{"line":23,"column":459},"end":{"line":23,"column":468}},{"start":{"line":23,"column":471},"end":{"line":23,"column":486}}],"line":23},"22":{"loc":{"start":{"line":23,"column":434},"end":{"line":23,"column":456}},"type":"binary-expr","locations":[{"start":{"line":23,"column":434},"end":{"line":23,"column":443}},{"start":{"line":23,"column":447},"end":{"line":23,"column":456}}],"line":23},"23":{"loc":{"start":{"line":23,"column":497},"end":{"line":23,"column":515}},"type":"cond-expr","locations":[{"start":{"line":23,"column":508},"end":{"line":23,"column":511}},{"start":{"line":23,"column":514},"end":{"line":23,"column":515}}],"line":23},"24":{"loc":{"start":{"line":23,"column":538},"end":{"line":23,"column":556}},"type":"cond-expr","locations":[{"start":{"line":23,"column":548},"end":{"line":23,"column":552}},{"start":{"line":23,"column":555},"end":{"line":23,"column":556}}],"line":23},"25":{"loc":{"start":{"line":23,"column":612},"end":{"line":23,"column":692}},"type":"cond-expr","locations":[{"start":{"line":23,"column":621},"end":{"line":23,"column":630}},{"start":{"line":23,"column":633},"end":{"line":23,"column":692}}],"line":23},"26":{"loc":{"start":{"line":23,"column":633},"end":{"line":23,"column":692}},"type":"cond-expr","locations":[{"start":{"line":23,"column":644},"end":{"line":23,"column":654}},{"start":{"line":23,"column":657},"end":{"line":23,"column":692}}],"line":23},"27":{"loc":{"start":{"line":23,"column":657},"end":{"line":23,"column":692}},"type":"cond-expr","locations":[{"start":{"line":23,"column":669},"end":{"line":23,"column":678}},{"start":{"line":23,"column":681},"end":{"line":23,"column":692}}],"line":23},"28":{"loc":{"start":{"line":30,"column":20},"end":{"line":30,"column":110}},"type":"if","locations":[{"start":{"line":30,"column":20},"end":{"line":30,"column":110}},{"start":{},"end":{}}],"line":30},"29":{"loc":{"start":{"line":30,"column":24},"end":{"line":30,"column":56}},"type":"binary-expr","locations":[{"start":{"line":30,"column":24},"end":{"line":30,"column":31}},{"start":{"line":30,"column":35},"end":{"line":30,"column":56}}],"line":30}},"s":{"0":6,"1":6,"2":2937,"3":2937,"4":2937,"5":2937,"6":162,"7":162,"8":414,"9":414,"10":414,"11":1621,"12":1621,"13":1621,"14":1621,"15":1621,"16":668,"17":668,"18":668,"19":668,"20":678,"21":6,"22":6,"23":17,"24":13,"25":13,"26":17},"f":{"0":2937,"1":162,"2":414,"3":1621,"4":668,"5":678,"6":17,"7":13},"b":{"0":[2937,2158,1663],"1":[779,2158],"2":[327],"3":[1460],"4":[1307],"5":[1621,675],"6":[1621,1245],"7":[161,1084],"8":[161,1460],"9":[314,1307],"10":[1621,161],"11":[1621,1621],"12":[187],"13":[647],"14":[414],"15":[512],"16":[21,647],"17":[54,593],"18":[429,164],"19":[668,594],"20":[664,14],"21":[431,247],"22":[678,483],"23":[85,593],"24":[10,668],"25":[21,647],"26":[54,593],"27":[429,164],"28":[13,0],"29":[13,13]},"_coverageSchema":"1a1c01bbd47fc00a2c39e90264f33305004495a9","hash":"eced9db862f822720419ece6ad036f640d447226"},"/Users/terenceboyce/tmp/week6-rn-accessibility/mobile-react-native-app/src/screens/SettingsScreen.tsx":{"path":"/Users/terenceboyce/tmp/week6-rn-accessibility/mobile-react-native-app/src/screens/SettingsScreen.tsx","statementMap":{"0":{"start":{"line":7,"column":88},"end":{"line":7,"column":96}},"1":{"start":{"line":8,"column":28},"end":{"line":8,"column":43}},"2":{"start":{"line":9,"column":30},"end":{"line":9,"column":45}},"3":{"start":{"line":10,"column":17},"end":{"line":10,"column":99}},"4":{"start":{"line":10,"column":57},"end":{"line":10,"column":73}},"5":{"start":{"line":10,"column":74},"end":{"line":10,"column":97}},"6":{"start":{"line":11,"column":15},"end":{"line":16,"column":3}},"7":{"start":{"line":12,"column":4},"end":{"line":12,"column":20}},"8":{"start":{"line":12,"column":21},"end":{"line":12,"column":37}},"9":{"start":{"line":13,"column":4},"end":{"line":15,"column":33}},"10":{"start":{"line":13,"column":10},"end":{"line":13,"column":100}},"11":{"start":{"line":13,"column":26},"end":{"line":13,"column":53}},"12":{"start":{"line":13,"column":61},"end":{"line":13,"column":82}},"13":{"start":{"line":13,"column":83},"end":{"line":13,"column":98}},"14":{"start":{"line":14,"column":12},"end":{"line":14,"column":97}},"15":{"start":{"line":15,"column":14},"end":{"line":15,"column":31}},"16":{"start":{"line":17,"column":2},"end":{"line":45,"column":25}},"17":{"start":{"line":25,"column":97},"end":{"line":25,"column":157}},"18":{"start":{"line":26,"column":96},"end":{"line":26,"column":156}},"19":{"start":{"line":29,"column":93},"end":{"line":29,"column":119}},"20":{"start":{"line":30,"column":91},"end":{"line":30,"column":116}},"21":{"start":{"line":31,"column":95},"end":{"line":31,"column":122}},"22":{"start":{"line":35,"column":130},"end":{"line":35,"column":162}},"23":{"start":{"line":36,"column":127},"end":{"line":36,"column":158}},"24":{"start":{"line":39,"column":129},"end":{"line":39,"column":163}},"25":{"start":{"line":40,"column":140},"end":{"line":40,"column":176}},"26":{"start":{"line":43,"column":128},"end":{"line":43,"column":140}},"27":{"start":{"line":44,"column":82},"end":{"line":44,"column":98}},"28":{"start":{"line":44,"column":99},"end":{"line":44,"column":115}},"29":{"start":{"line":49,"column":2},"end":{"line":49,"column":408}},"30":{"start":{"line":52,"column":10},"end":{"line":59,"column":2}}},"fnMap":{"0":{"name":"SettingsScreen","decl":{"start":{"line":6,"column":16},"end":{"line":6,"column":30}},"loc":{"start":{"line":6,"column":100},"end":{"line":46,"column":1}},"line":6},"1":{"name":"(anonymous_1)","decl":{"start":{"line":10,"column":17},"end":{"line":10,"column":18}},"loc":{"start":{"line":10,"column":55},"end":{"line":10,"column":99}},"line":10},"2":{"name":"(anonymous_2)","decl":{"start":{"line":11,"column":15},"end":{"line":11,"column":16}},"loc":{"start":{"line":11,"column":27},"end":{"line":16,"column":3}},"line":11},"3":{"name":"(anonymous_3)","decl":{"start":{"line":25,"column":91},"end":{"line":25,"column":92}},"loc":{"start":{"line":25,"column":97},"end":{"line":25,"column":157}},"line":25},"4":{"name":"(anonymous_4)","decl":{"start":{"line":26,"column":90},"end":{"line":26,"column":91}},"loc":{"start":{"line":26,"column":96},"end":{"line":26,"column":156}},"line":26},"5":{"name":"(anonymous_5)","decl":{"start":{"line":29,"column":87},"end":{"line":29,"column":88}},"loc":{"start":{"line":29,"column":93},"end":{"line":29,"column":119}},"line":29},"6":{"name":"(anonymous_6)","decl":{"start":{"line":30,"column":85},"end":{"line":30,"column":86}},"loc":{"start":{"line":30,"column":91},"end":{"line":30,"column":116}},"line":30},"7":{"name":"(anonymous_7)","decl":{"start":{"line":31,"column":89},"end":{"line":31,"column":90}},"loc":{"start":{"line":31,"column":95},"end":{"line":31,"column":122}},"line":31},"8":{"name":"(anonymous_8)","decl":{"start":{"line":35,"column":121},"end":{"line":35,"column":122}},"loc":{"start":{"line":35,"column":130},"end":{"line":35,"column":162}},"line":35},"9":{"name":"(anonymous_9)","decl":{"start":{"line":36,"column":118},"end":{"line":36,"column":119}},"loc":{"start":{"line":36,"column":127},"end":{"line":36,"column":158}},"line":36},"10":{"name":"(anonymous_10)","decl":{"start":{"line":39,"column":120},"end":{"line":39,"column":121}},"loc":{"start":{"line":39,"column":129},"end":{"line":39,"column":163}},"line":39},"11":{"name":"(anonymous_11)","decl":{"start":{"line":40,"column":131},"end":{"line":40,"column":132}},"loc":{"start":{"line":40,"column":140},"end":{"line":40,"column":176}},"line":40},"12":{"name":"(anonymous_12)","decl":{"start":{"line":43,"column":120},"end":{"line":43,"column":121}},"loc":{"start":{"line":43,"column":126},"end":{"line":43,"column":142}},"line":43},"13":{"name":"(anonymous_13)","decl":{"start":{"line":44,"column":74},"end":{"line":44,"column":75}},"loc":{"start":{"line":44,"column":80},"end":{"line":44,"column":117}},"line":44},"14":{"name":"Setting","decl":{"start":{"line":48,"column":9},"end":{"line":48,"column":16}},"loc":{"start":{"line":48,"column":163},"end":{"line":50,"column":1}},"line":48}},"branchMap":{"0":{"loc":{"start":{"line":6,"column":33},"end":{"line":6,"column":51}},"type":"default-arg","locations":[{"start":{"line":6,"column":46},"end":{"line":6,"column":51}}],"line":6},"1":{"loc":{"start":{"line":13,"column":10},"end":{"line":13,"column":100}},"type":"if","locations":[{"start":{"line":13,"column":10},"end":{"line":13,"column":100}},{"start":{"line":13,"column":59},"end":{"line":13,"column":100}}],"line":13},"2":{"loc":{"start":{"line":18,"column":22},"end":{"line":18,"column":89}},"type":"cond-expr","locations":[{"start":{"line":18,"column":35},"end":{"line":18,"column":62}},{"start":{"line":18,"column":65},"end":{"line":18,"column":89}}],"line":18},"3":{"loc":{"start":{"line":19,"column":24},"end":{"line":19,"column":150}},"type":"cond-expr","locations":[{"start":{"line":19,"column":37},"end":{"line":19,"column":99}},{"start":{"line":19,"column":102},"end":{"line":19,"column":150}}],"line":19},"4":{"loc":{"start":{"line":20,"column":5},"end":{"line":20,"column":203}},"type":"binary-expr","locations":[{"start":{"line":20,"column":5},"end":{"line":20,"column":10}},{"start":{"line":20,"column":14},"end":{"line":20,"column":203}}],"line":20},"5":{"loc":{"start":{"line":43,"column":19},"end":{"line":43,"column":91}},"type":"cond-expr","locations":[{"start":{"line":43,"column":28},"end":{"line":43,"column":37}},{"start":{"line":43,"column":40},"end":{"line":43,"column":91}}],"line":43},"6":{"loc":{"start":{"line":43,"column":40},"end":{"line":43,"column":91}},"type":"cond-expr","locations":[{"start":{"line":43,"column":53},"end":{"line":43,"column":74}},{"start":{"line":43,"column":77},"end":{"line":43,"column":91}}],"line":43}},"s":{"0":51,"1":51,"2":51,"3":51,"4":20,"5":20,"6":51,"7":9,"8":9,"9":9,"10":9,"11":1,"12":8,"13":6,"14":2,"15":9,"16":51,"17":1,"18":5,"19":2,"20":3,"21":1,"22":2,"23":2,"24":2,"25":2,"26":9,"27":1,"28":1,"29":204,"30":6},"f":{"0":51,"1":20,"2":9,"3":1,"4":5,"5":2,"6":3,"7":1,"8":2,"9":2,"10":2,"11":2,"12":9,"13":1,"14":204},"b":{"0":[47],"1":[1,8],"2":[4,47],"3":[4,47],"4":[51,6],"5":[9,42],"6":[3,39]},"_coverageSchema":"1a1c01bbd47fc00a2c39e90264f33305004495a9","hash":"03fa8c09799cc3daa6d736bc678e45ccf178212a"},"/Users/terenceboyce/tmp/week6-rn-accessibility/mobile-react-native-app/src/screens/SignInScreen.tsx":{"path":"/Users/terenceboyce/tmp/week6-rn-accessibility/mobile-react-native-app/src/screens/SignInScreen.tsx","statementMap":{"0":{"start":{"line":4,"column":62},"end":{"line":4,"column":73}},"1":{"start":{"line":4,"column":110},"end":{"line":4,"column":118}},"2":{"start":{"line":4,"column":148},"end":{"line":4,"column":163}},"3":{"start":{"line":4,"column":189},"end":{"line":4,"column":201}},"4":{"start":{"line":4,"column":229},"end":{"line":4,"column":266}},"5":{"start":{"line":4,"column":300},"end":{"line":4,"column":320}},"6":{"start":{"line":4,"column":337},"end":{"line":4,"column":696}},"7":{"start":{"line":4,"column":351},"end":{"line":4,"column":520}},"8":{"start":{"line":4,"column":439},"end":{"line":4,"column":510}},"9":{"start":{"line":4,"column":511},"end":{"line":4,"column":518}},"10":{"start":{"line":4,"column":535},"end":{"line":4,"column":611}},"11":{"start":{"line":4,"column":613},"end":{"line":4,"column":694}},"12":{"start":{"line":4,"column":624},"end":{"line":4,"column":694}},"13":{"start":{"line":4,"column":698},"end":{"line":4,"column":2267}},"14":{"start":{"line":4,"column":962},"end":{"line":4,"column":1023}},"15":{"start":{"line":4,"column":2081},"end":{"line":4,"column":2095}},"16":{"start":{"line":4,"column":2222},"end":{"line":4,"column":2240}},"17":{"start":{"line":5,"column":210},"end":{"line":5,"column":218}},"18":{"start":{"line":5,"column":220},"end":{"line":5,"column":514}},"19":{"start":{"line":6,"column":15},"end":{"line":6,"column":485}}},"fnMap":{"0":{"name":"SignInScreen","decl":{"start":{"line":4,"column":16},"end":{"line":4,"column":28}},"loc":{"start":{"line":4,"column":50},"end":{"line":4,"column":2269}},"line":4},"1":{"name":"(anonymous_1)","decl":{"start":{"line":4,"column":337},"end":{"line":4,"column":338}},"loc":{"start":{"line":4,"column":349},"end":{"line":4,"column":696}},"line":4},"2":{"name":"(anonymous_2)","decl":{"start":{"line":4,"column":956},"end":{"line":4,"column":957}},"loc":{"start":{"line":4,"column":962},"end":{"line":4,"column":1023}},"line":4},"3":{"name":"(anonymous_3)","decl":{"start":{"line":4,"column":2073},"end":{"line":4,"column":2074}},"loc":{"start":{"line":4,"column":2079},"end":{"line":4,"column":2097}},"line":4},"4":{"name":"(anonymous_4)","decl":{"start":{"line":4,"column":2216},"end":{"line":4,"column":2217}},"loc":{"start":{"line":4,"column":2222},"end":{"line":4,"column":2240}},"line":4},"5":{"name":"Input","decl":{"start":{"line":5,"column":9},"end":{"line":5,"column":14}},"loc":{"start":{"line":5,"column":187},"end":{"line":5,"column":516}},"line":5}},"branchMap":{"0":{"loc":{"start":{"line":4,"column":351},"end":{"line":4,"column":520}},"type":"if","locations":[{"start":{"line":4,"column":351},"end":{"line":4,"column":520}},{"start":{},"end":{}}],"line":4},"1":{"loc":{"start":{"line":4,"column":355},"end":{"line":4,"column":435}},"type":"binary-expr","locations":[{"start":{"line":4,"column":355},"end":{"line":4,"column":384}},{"start":{"line":4,"column":388},"end":{"line":4,"column":407}},{"start":{"line":4,"column":412},"end":{"line":4,"column":418}},{"start":{"line":4,"column":422},"end":{"line":4,"column":434}}],"line":4},"2":{"loc":{"start":{"line":4,"column":535},"end":{"line":4,"column":611}},"type":"cond-expr","locations":[{"start":{"line":4,"column":544},"end":{"line":4,"column":579}},{"start":{"line":4,"column":582},"end":{"line":4,"column":611}}],"line":4},"3":{"loc":{"start":{"line":4,"column":613},"end":{"line":4,"column":694}},"type":"if","locations":[{"start":{"line":4,"column":613},"end":{"line":4,"column":694}},{"start":{},"end":{}}],"line":4},"4":{"loc":{"start":{"line":4,"column":636},"end":{"line":4,"column":685}},"type":"cond-expr","locations":[{"start":{"line":4,"column":645},"end":{"line":4,"column":666}},{"start":{"line":4,"column":669},"end":{"line":4,"column":685}}],"line":4},"5":{"loc":{"start":{"line":4,"column":1052},"end":{"line":4,"column":1094}},"type":"cond-expr","locations":[{"start":{"line":4,"column":1061},"end":{"line":4,"column":1082}},{"start":{"line":4,"column":1085},"end":{"line":4,"column":1094}}],"line":4},"6":{"loc":{"start":{"line":4,"column":1145},"end":{"line":4,"column":1247}},"type":"cond-expr","locations":[{"start":{"line":4,"column":1154},"end":{"line":4,"column":1204}},{"start":{"line":4,"column":1207},"end":{"line":4,"column":1247}}],"line":4},"7":{"loc":{"start":{"line":4,"column":1259},"end":{"line":4,"column":1332}},"type":"binary-expr","locations":[{"start":{"line":4,"column":1259},"end":{"line":4,"column":1265}},{"start":{"line":4,"column":1269},"end":{"line":4,"column":1332}}],"line":4},"8":{"loc":{"start":{"line":4,"column":1437},"end":{"line":4,"column":1476}},"type":"cond-expr","locations":[{"start":{"line":4,"column":1446},"end":{"line":4,"column":1463}},{"start":{"line":4,"column":1466},"end":{"line":4,"column":1476}}],"line":4},"9":{"loc":{"start":{"line":4,"column":1552},"end":{"line":4,"column":1579}},"type":"cond-expr","locations":[{"start":{"line":4,"column":1561},"end":{"line":4,"column":1567}},{"start":{"line":4,"column":1570},"end":{"line":4,"column":1579}}],"line":4},"10":{"loc":{"start":{"line":4,"column":1679},"end":{"line":4,"column":1715}},"type":"cond-expr","locations":[{"start":{"line":4,"column":1688},"end":{"line":4,"column":1697}},{"start":{"line":4,"column":1700},"end":{"line":4,"column":1715}}],"line":4},"11":{"loc":{"start":{"line":4,"column":1767},"end":{"line":4,"column":1935}},"type":"cond-expr","locations":[{"start":{"line":4,"column":1776},"end":{"line":4,"column":1844}},{"start":{"line":4,"column":1847},"end":{"line":4,"column":1935}}],"line":4},"12":{"loc":{"start":{"line":4,"column":1968},"end":{"line":4,"column":2044}},"type":"cond-expr","locations":[{"start":{"line":4,"column":1977},"end":{"line":4,"column":1991}},{"start":{"line":4,"column":1994},"end":{"line":4,"column":2044}}],"line":4},"13":{"loc":{"start":{"line":4,"column":1994},"end":{"line":4,"column":2044}},"type":"cond-expr","locations":[{"start":{"line":4,"column":2003},"end":{"line":4,"column":2032}},{"start":{"line":4,"column":2035},"end":{"line":4,"column":2044}}],"line":4},"14":{"loc":{"start":{"line":4,"column":2116},"end":{"line":4,"column":2177}},"type":"cond-expr","locations":[{"start":{"line":4,"column":2125},"end":{"line":4,"column":2152}},{"start":{"line":4,"column":2155},"end":{"line":4,"column":2177}}],"line":4}},"s":{"0":29,"1":29,"2":29,"3":29,"4":29,"5":29,"6":29,"7":8,"8":2,"9":2,"10":6,"11":6,"12":3,"13":29,"14":0,"15":8,"16":4,"17":67,"18":67,"19":6},"f":{"0":29,"1":8,"2":0,"3":8,"4":4,"5":67},"b":{"0":[2,6],"1":[8,6,6,2],"2":[2,4],"3":[3,3],"4":[1,2],"5":[9,20],"6":[9,20],"7":[29,9],"8":[9,20],"9":[9,20],"10":[9,20],"11":[9,20],"12":[6,23],"13":[7,16],"14":[9,20]},"_coverageSchema":"1a1c01bbd47fc00a2c39e90264f33305004495a9","hash":"78881067a4bb45bc6c7a4c733cfac4bb1e460f60"},"/Users/terenceboyce/tmp/week6-rn-accessibility/mobile-react-native-app/src/screens/TodayScreen.tsx":{"path":"/Users/terenceboyce/tmp/week6-rn-accessibility/mobile-react-native-app/src/screens/TodayScreen.tsx","statementMap":{"0":{"start":{"line":2,"column":117},"end":{"line":2,"column":128}},"1":{"start":{"line":2,"column":160},"end":{"line":2,"column":168}},"2":{"start":{"line":2,"column":190},"end":{"line":2,"column":219}},"3":{"start":{"line":2,"column":221},"end":{"line":2,"column":1265}},"4":{"start":{"line":2,"column":420},"end":{"line":2,"column":541}},"5":{"start":{"line":2,"column":950},"end":{"line":2,"column":984}},"6":{"start":{"line":3,"column":10},"end":{"line":3,"column":366}}},"fnMap":{"0":{"name":"TodayScreen","decl":{"start":{"line":2,"column":16},"end":{"line":2,"column":27}},"loc":{"start":{"line":2,"column":105},"end":{"line":2,"column":1267}},"line":2},"1":{"name":"(anonymous_1)","decl":{"start":{"line":2,"column":414},"end":{"line":2,"column":415}},"loc":{"start":{"line":2,"column":420},"end":{"line":2,"column":541}},"line":2},"2":{"name":"(anonymous_2)","decl":{"start":{"line":2,"column":944},"end":{"line":2,"column":945}},"loc":{"start":{"line":2,"column":950},"end":{"line":2,"column":984}},"line":2}},"branchMap":{},"s":{"0":8,"1":8,"2":8,"3":8,"4":1,"5":1,"6":4},"f":{"0":8,"1":1,"2":1},"b":{},"_coverageSchema":"1a1c01bbd47fc00a2c39e90264f33305004495a9","hash":"2183ae85dfe5705e15c95c5c021f18610e67af68"},"/Users/terenceboyce/tmp/week6-rn-accessibility/mobile-react-native-app/src/components/AccessibleModal.tsx":{"path":"/Users/terenceboyce/tmp/week6-rn-accessibility/mobile-react-native-app/src/components/AccessibleModal.tsx","statementMap":{"0":{"start":{"line":11,"column":18},"end":{"line":11,"column":36}},"1":{"start":{"line":11,"column":48},"end":{"line":11,"column":59}},"2":{"start":{"line":11,"column":82},"end":{"line":11,"column":90}},"3":{"start":{"line":12,"column":23},"end":{"line":12,"column":135}},"4":{"start":{"line":12,"column":31},"end":{"line":12,"column":133}},"5":{"start":{"line":12,"column":59},"end":{"line":12,"column":133}},"6":{"start":{"line":13,"column":16},"end":{"line":13,"column":104}},"7":{"start":{"line":13,"column":24},"end":{"line":13,"column":34}},"8":{"start":{"line":13,"column":35},"end":{"line":13,"column":102}},"9":{"start":{"line":13,"column":66},"end":{"line":13,"column":102}},"10":{"start":{"line":14,"column":2},"end":{"line":22,"column":11}},"11":{"start":{"line":15,"column":20},"end":{"line":15,"column":108}},"12":{"start":{"line":15,"column":41},"end":{"line":15,"column":108}},"13":{"start":{"line":24,"column":15},"end":{"line":24,"column":123}}},"fnMap":{"0":{"name":"AccessibleModal","decl":{"start":{"line":8,"column":16},"end":{"line":8,"column":31}},"loc":{"start":{"line":10,"column":22},"end":{"line":23,"column":1}},"line":10},"1":{"name":"(anonymous_1)","decl":{"start":{"line":12,"column":23},"end":{"line":12,"column":24}},"loc":{"start":{"line":12,"column":29},"end":{"line":12,"column":135}},"line":12},"2":{"name":"(anonymous_2)","decl":{"start":{"line":13,"column":16},"end":{"line":13,"column":17}},"loc":{"start":{"line":13,"column":22},"end":{"line":13,"column":104}},"line":13},"3":{"name":"(anonymous_3)","decl":{"start":{"line":15,"column":12},"end":{"line":15,"column":13}},"loc":{"start":{"line":15,"column":18},"end":{"line":15,"column":110}},"line":15}},"branchMap":{"0":{"loc":{"start":{"line":12,"column":31},"end":{"line":12,"column":133}},"type":"if","locations":[{"start":{"line":12,"column":31},"end":{"line":12,"column":133}},{"start":{},"end":{}}],"line":12},"1":{"loc":{"start":{"line":13,"column":35},"end":{"line":13,"column":102}},"type":"if","locations":[{"start":{"line":13,"column":35},"end":{"line":13,"column":102}},{"start":{},"end":{}}],"line":13},"2":{"loc":{"start":{"line":15,"column":20},"end":{"line":15,"column":108}},"type":"if","locations":[{"start":{"line":15,"column":20},"end":{"line":15,"column":108}},{"start":{},"end":{}}],"line":15}},"s":{"0":30,"1":30,"2":30,"3":30,"4":0,"5":0,"6":30,"7":6,"8":6,"9":0,"10":30,"11":0,"12":0,"13":5},"f":{"0":30,"1":0,"2":6,"3":0},"b":{"0":[0,0],"1":[0,6],"2":[0,0]},"_coverageSchema":"1a1c01bbd47fc00a2c39e90264f33305004495a9","hash":"00cbc41cd90e2afe5f69010e4323122cc8a10769"},"/Users/terenceboyce/tmp/week6-rn-accessibility/mobile-react-native-app/src/utils/data.ts":{"path":"/Users/terenceboyce/tmp/week6-rn-accessibility/mobile-react-native-app/src/utils/data.ts","statementMap":{"0":{"start":{"line":2,"column":41},"end":{"line":2,"column":297}},"1":{"start":{"line":3,"column":43},"end":{"line":3,"column":287}},"2":{"start":{"line":4,"column":39},"end":{"line":4,"column":346}}},"fnMap":{},"branchMap":{},"s":{"0":6,"1":6,"2":6},"f":{},"b":{},"_coverageSchema":"1a1c01bbd47fc00a2c39e90264f33305004495a9","hash":"670dbcc4f02b68db490041a97f999a7893f57eb3"},"/Users/terenceboyce/tmp/week6-rn-accessibility/mobile-react-native-app/src/screens/CareScreens.tsx":{"path":"/Users/terenceboyce/tmp/week6-rn-accessibility/mobile-react-native-app/src/screens/CareScreens.tsx","statementMap":{"0":{"start":{"line":9,"column":31},"end":{"line":9,"column":46}},"1":{"start":{"line":9,"column":67},"end":{"line":9,"column":115}},"2":{"start":{"line":9,"column":117},"end":{"line":9,"column":1387}},"3":{"start":{"line":9,"column":433},"end":{"line":9,"column":740}},"4":{"start":{"line":9,"column":656},"end":{"line":9,"column":729}},"5":{"start":{"line":9,"column":880},"end":{"line":9,"column":896}},"6":{"start":{"line":9,"column":952},"end":{"line":9,"column":997}},"7":{"start":{"line":9,"column":1060},"end":{"line":9,"column":1105}},"8":{"start":{"line":9,"column":1231},"end":{"line":9,"column":1248}},"9":{"start":{"line":11,"column":165},"end":{"line":11,"column":177}},"10":{"start":{"line":11,"column":179},"end":{"line":11,"column":920}},"11":{"start":{"line":11,"column":738},"end":{"line":11,"column":770}},"12":{"start":{"line":11,"column":833},"end":{"line":11,"column":893}},"13":{"start":{"line":12,"column":80},"end":{"line":12,"column":88}},"14":{"start":{"line":12,"column":120},"end":{"line":12,"column":132}},"15":{"start":{"line":12,"column":160},"end":{"line":12,"column":172}},"16":{"start":{"line":12,"column":202},"end":{"line":12,"column":217}},"17":{"start":{"line":12,"column":232},"end":{"line":12,"column":550}},"18":{"start":{"line":12,"column":246},"end":{"line":12,"
[...]
{"line":12,"column":341}},"22":{"start":{"line":12,"column":342},"end":{"line":12,"column":548}},"23":{"start":{"line":12,"column":348},"end":{"line":12,"column":384}},"24":{"start":{"line":12,"column":385},"end":{"line":12,"column":400}},"25":{"start":{"line":12,"column":401},"end":{"line":12,"column":414}},"26":{"start":{"line":12,"column":415},"end":{"line":12,"column":448}},"27":{"start":{"line":12,"column":459},"end":{"line":12,"column":516}},"28":{"start":{"line":12,"column":529},"end":{"line":12,"column":546}},"29":{"start":{"line":12,"column":552},"end":{"line":12,"column":1398}},"30":{"start":{"line":12,"column":1061},"end":{"line":12,"column":1073}},"31":{"start":{"line":12,"column":1216},"end":{"line":12,"column":1373}},"32":{"start":{"line":13,"column":55},"end":{"line":13,"column":956}},"33":{"start":{"line":13,"column":546},"end":{"line":13,"column":689}},"34":{"start":{"line":14,"column":240},"end":{"line":14,"column":248}},"35":{"start":{"line":14,"column":250},"end":{"line":14,"column":655}},"36":{"start":{"line":15,"column":10},"end":{"line":15,"column":584}}},"fnMap":{"0":{"name":"CareScreen","decl":{"start":{"line":8,"column":16},"end":{"line":8,"column":26}},"loc":{"start":{"line":8,"column":103},"end":{"line":10,"column":1}},"line":8},"1":{"name":"(anonymous_1)","decl":{"start":{"line":9,"column":428},"end":{"line":9,"column":429}},"loc":{"start":{"line":9,"column":433},"end":{"line":9,"column":740}},"line":9},"2":{"name":"(anonymous_2)","decl":{"start":{"line":9,"column":650},"end":{"line":9,"column":651}},"loc":{"start":{"line":9,"column":656},"end":{"line":9,"column":729}},"line":9},"3":{"name":"(anonymous_3)","decl":{"start":{"line":9,"column":874},"end":{"line":9,"column":875}},"loc":{"start":{"line":9,"column":880},"end":{"line":9,"column":896}},"line":9},"4":{"name":"(anonymous_4)","decl":{"start":{"line":9,"column":946},"end":{"line":9,"column":947}},"loc":{"start":{"line":9,"column":952},"end":{"line":9,"column":997}},"line":9},"5":{"name":"(anonymous_5)","decl":{"start":{"line":9,"column":1054},"end":{"line":9,"column":1055}},"loc":{"start":{"line":9,"column":1060},"end":{"line":9,"column":1105}},"line":9},"6":{"name":"(anonymous_6)","decl":{"start":{"line":9,"column":1225},"end":{"line":9,"column":1226}},"loc":{"start":{"line":9,"column":1231},"end":{"line":9,"column":1248}},"line":9},"7":{"name":"AppointmentDetailScreen","decl":{"start":{"line":11,"column":16},"end":{"line":11,"column":39}},"loc":{"start":{"line":11,"column":139},"end":{"line":11,"column":922}},"line":11},"8":{"name":"(anonymous_8)","decl":{"start":{"line":11,"column":732},"end":{"line":11,"column":733}},"loc":{"start":{"line":11,"column":738},"end":{"line":11,"column":770}},"line":11},"9":{"name":"(anonymous_9)","decl":{"start":{"line":11,"column":827},"end":{"line":11,"column":828}},"loc":{"start":{"line":11,"column":833},"end":{"line":11,"column":893}},"line":11},"10":{"name":"HealthLogScreen","decl":{"start":{"line":12,"column":16},"end":{"line":12,"column":31}},"loc":{"start":{"line":12,"column":53},"end":{"line":12,"column":1400}},"line":12},"11":{"name":"(anonymous_11)","decl":{"start":{"line":12,"column":232},"end":{"line":12,"column":233}},"loc":{"start":{"line":12,"column":244},"end":{"line":12,"column":550}},"line":12},"12":{"name":"(anonymous_12)","decl":{"start":{"line":12,"column":1053},"end":{"line":12,"column":1054}},"loc":{"start":{"line":12,"column":1059},"end":{"line":12,"column":1075}},"line":12},"13":{"name":"(anonymous_13)","decl":{"start":{"line":12,"column":1209},"end":{"line":12,"column":1210}},"loc":{"start":{"line":12,"column":1216},"end":{"line":12,"column":1373}},"line":12},"14":{"name":"EmergencyScreen","decl":{"start":{"line":13,"column":16},"end":{"line":13,"column":31}},"loc":{"start":{"line":13,"column":53},"end":{"line":13,"column":958}},"line":13},"15":{"name":"(anonymous_15)","decl":{"start":{"line":13,"column":540},"end":{"line":13,"column":541}},"loc":{"start":{"line":13,"column":546},"end":{"line":13,"column":689}},"line":13},"16":{"name":"Input","decl":{"start":{"line":14,"column":9},"end":{"line":14,"column":14}},"loc":{"start":{"line":14,"column":217},"end":{"line":14,"column":657}},"line":14}},"branchMap":{"0":{"loc":{"start":{"line":9,"column":223},"end":{"line":9,"column":263}},"type":"cond-expr","locations":[{"start":{"line":9,"column":233},"end":{"line":9,"column":254}},{"start":{"line":9,"column":257},"end":{"line":9,"column":263}}],"line":9},"1":{"loc":{"start":{"line":12,"column":246},"end":{"line":12,"column":324}},"type":"if","locations":[{"start":{"line":12,"column":246},"end":{"line":12,"column":324}},{"start":{},"end":{}}],"line":12},"2":{"loc":{"start":{"line":12,"column":985},"end":{"line":12,"column":1024}},"type":"cond-expr","locations":[{"start":{"line":12,"column":994},"end":{"line":12,"column":1003}},{"start":{"line":12,"column":1006},"end":{"line":12,"column":1024}}],"line":12},"3":{"loc":{"start":{"line":12,"column":1135},"end":{"line":12,"column":1374}},"type":"cond-expr","locations":[{"start":{"line":12,"column":1155},"end":{"line":12,"column":1197}},{"start":{"line":12,"column":1200},"end":{"line":12,"column":1374}}],"line":12},"4":{"loc":{"start":{"line":12,"column":1293},"end":{"line":12,"column":1321}},"type":"binary-expr","locations":[{"start":{"line":12,"column":1293},"end":{"line":12,"column":1302}},{"start":{"line":12,"column":1306},"end":{"line":12,"column":1321}}],"line":12},"5":{"loc":{"start":{"line":14,"column":24},"end":{"line":14,"column":34}},"type":"default-arg","locations":[{"start":{"line":14,"column":32},"end":{"line":14,"column":34}}],"line":14},"6":{"loc":{"start":{"line":14,"column":63},"end":{"line":14,"column":80}},"type":"default-arg","locations":[{"start":{"line":14,"column":75},"end":{"line":14,"column":80}}],"line":14},"7":{"loc":{"start":{"line":14,"column":429},"end":{"line":14,"column":449}},"type":"binary-expr","locations":[{"start":{"line":14,"column":429},"end":{"line":14,"column":440}},{"start":{"line":14,"column":444},"end":{"line":14,"column":449}}],"line":14},"8":{"loc":{"start":{"line":14,"column":586},"end":{"line":14,"column":642}},"type":"binary-expr","locations":[{"start":{"line":14,"column":586},"end":{"line":14,"column":595}},{"start":{"line":14,"column":599},"end":{"line":14,"column":642}}],"line":14}},"s":{"0":15,"1":15,"2":15,"3":30,"4":1,"5":5,"6":1,"7":1,"8":3,"9":3,"10":3,"11":1,"12":1,"13":14,"14":14,"15":14,"16":14,"17":14,"18":5,"19":2,"20":2,"21":3,"22":3,"23":3,"24":2,"25":2,"26":2,"27":1,"28":3,"29":14,"30":5,"31":2,"32":4,"33":1,"34":38,"35":38,"36":5},"f":{"0":15,"1":30,"2":1,"3":5,"4":1,"5":1,"6":3,"7":3,"8":1,"9":1,"10":14,"11":5,"12":5,"13":2,"14":4,"15":1,"16":38},"b":{"0":[5,10],"1":[2,3],"2":[3,11],"3":[12,2],"4":[2,0],"5":[10],"6":[24],"7":[38,10],"8":[38,14]},"_coverageSchema":"1a1c01bbd47fc00a2c39e90264f33305004495a9","hash":"afd152d12738cf57978ec83f466b5c07611216b2"},"/Users/terenceboyce/tmp/week6-rn-accessibility/mobile-react-native-app/src/screens/MedicationScreens.tsx":{"path":"/Users/terenceboyce/tmp/week6-rn-accessibility/mobile-react-native-app/src/screens/MedicationScreens.tsx","statementMap":{"0":{"start":{"line":2,"column":146},"end":{"line":2,"column":154}},"1":{"start":{"line":2,"column":156},"end":{"line":2,"column":963}},"2":{"start":{"line":2,"column":328},"end":{"line":2,"column":666}},"3":{"start":{"line":2,"column":584},"end":{"line":2,"column":655}},"4":{"start":{"line":2,"column":819},"end":{"line":2,"column":938}},"5":{"start":{"line":3,"column":150},"end":{"line":3,"column":162}},"6":{"start":{"line":3,"column":212},"end":{"line":3,"column":220}},"7":{"start":{"line":3,"column":250},"end":{"line":3,"column":271}},"8":{"start":{"line":3,"column":291},"end":{"line":3,"column":353}},"9":{"start":{"line":3,"column":318},"end":{"line":3,"column":352}},"10":{"start":{"line":3,"column":375},"end":{"line":3,"column":440}},"11":{"start":{"line":3,"column":460},"end":{"line":3,"column":638}},"12":{"start":{"line":3,"column":474},"end":{"line":3,"column":490}},"13":{"start":{"line":3,"column":491},"end":{"line":3,"column":636}},"14":{"start":{"line":3,"column":497},"end":{"line":3,"column":535}},"15":{"start":{"line":3,"column":546},"end":{"line":3,"column":604}},"16":{"start":{"line":3,"column":617},"end":{"line":3,"column":634}},"17":{"start":{"line":3,"column":640},"end":{"line":3,"column":1528}},"18":{"start":{"line":3,"column":1314},"end":{"line":3,"column":1331}},"19":{"start":{"line":4,"column":10},"end":{"line":4,"column":272}}},"fnMap":{"0":{"name":"MedicationsScreen","decl":{"start":{"line":2,"column":16},"end":{"line":2,"column":33}},"loc":{"start":{"line":2,"column":117},"end":{"line":2,"column":965}},"line":2},"1":{"name":"(anonymous_1)","decl":{"start":{"line":2,"column":323},"end":{"line":2,"column":324}},"loc":{"start":{"line":2,"column":328},"end":{"line":2,"column":666}},"line":2},"2":{"name":"(anonymous_2)","decl":{"start":{"line":2,"column":578},"end":{"line":2,"column":579}},"loc":{"start":{"line":2,"column":584},"end":{"line":2,"column":655}},"line":2},"3":{"name":"(anonymous_3)","decl":{"start":{"line":2,"column":812},"end":{"line":2,"column":813}},"loc":{"start":{"line":2,"column":819},"end":{"line":2,"column":938}},"line":2},"4":{"name":"MedicationDetailScreen","decl":{"start":{"line":3,"column":16},"end":{"line":3,"column":38}},"loc":{"start":{"line":3,"column":125},"end":{"line":3,"column":1530}},"line":3},"5":{"name":"(anonymous_5)","decl":{"start":{"line":3,"column":311},"end":{"line":3,"column":312}},"loc":{"start":{"line":3,"column":318},"end":{"line":3,"column":352}},"line":3},"6":{"name":"(anonymous_6)","decl":{"start":{"line":3,"column":460},"end":{"line":3,"column":461}},"loc":{"start":{"line":3,"column":472},"end":{"line":3,"column":638}},"line":3},"7":{"name":"(anonymous_7)","decl":{"start":{"line":3,"column":1306},"end":{"line":3,"column":1307}},"loc":{"start":{"line":3,"column":1312},"end":{"line":3,"column":1333}},"line":3}},"branchMap":{"0":{"loc":{"start":{"line":2,"column":721},"end":{"line":2,"column":939}},"type":"cond-expr","locations":[{"start":{"line":2,"column":751},"end":{"line":2,"column":790}},{"start":{"line":2,"column":793},"end":{"line":2,"column":939}}],"line":2},"1":{"loc":{"start":{"line":3,"column":375},"end":{"line":3,"column":440}},"type":"cond-expr","locations":[{"start":{"line":3,"column":387},"end":{"line":3,"column":432}},{"start":{"line":3,"column":435},"end":{"line":3,"column":440}}],"line":3},"2":{"loc":{"start":{"line":3,"column":932},"end":{"line":3,"column":981}},"type":"cond-expr","locations":[{"start":{"line":3,"column":946},"end":{"line":3,"column":960}},{"start":{"line":3,"column":963},"end":{"line":3,"column":981}}],"line":3},"3":{"loc":{"start":{"line":3,"column":1014},"end":{"line":3,"column":1104}},"type":"cond-expr","locations":[{"start":{"line":3,"column":1026},"end":{"line":3,"column":1075}},{"start":{"line":3,"column":1078},"end":{"line":3,"column":1104}}],"line":3},"4":{"loc":{"start":{"line":3,"column":1241},"end":{"line":3,"column":1277}},"type":"cond-expr","locations":[{"start":{"line":3,"column":1250},"end":{"line":3,"column":1259}},{"start":{"line":3,"column":1262},"end":{"line":3,"column":1277}}],"line":3}},"s":{"0":7,"1":7,"2":14,"3":3,"4":2,"5":11,"6":11,"7":11,"8":11,"9":2,"10":11,"11":11,"12":3,"13":3,"14":3,"15":1,"16":3,"17":11,"18":3,"19":5},"f":{"0":7,"1":14,"2":3,"3":2,"4":11,"5":2,"6":3,"7":3},"b":{"0":[5,2],"1":[2,9],"2":[2,9],"3":[2,9],"4":[3,8]},"_coverageSchema":"1a1c01bbd47fc00a2c39e90264f33305004495a9","hash":"a9a73f4356e9b3ac45d1d887307ea5cb45e5d71e"},"/Users/terenceboyce/tmp/week6-rn-accessibility/mobile-react-native-app/src/screens/MessageScreens.tsx":{"path":"/Users/terenceboyce/tmp/week6-rn-accessibility/mobile-react-native-app/src/screens/MessageScreens.tsx","statementMap":{"0":{"start":{"line":2,"column":143},"end":{"line":2,"column":158}},"1":{"start":{"line":2,"column":183},"end":{"line":2,"column":231}},"2":{"start":{"line":2,"column":254},"end":{"line":2,"column":262}},"3":{"start":{"line":2,"column":264},"end":{"line":2,"column":1645}},"4":{"start":{"line":2,"column":591},"end":{"line":2,"column":881}},"5":{"start":{"line":2,"column":805},"end":{"line":2,"column":870}},"6":{"start":{"line":2,"column":1022},"end":{"line":2,"column":1038}},"7":{"start":{"line":2,"column":1347},"end":{"line":2,"column":1364}},"8":{"start":{"line":3,"column":141},"end":{"line":3,"column":153}},"9":{"start":{"line":3,"column":155},"end":{"line":3,"column":426}},"10":{"start":{"line":4,"column":10},"end":{"line":4,"column":510}}},"fnMap":{"0":{"name":"MessagesScreen","decl":{"start":{"line":2,"column":16},"end":{"line":2,"column":30}},"loc":{"start":{"line":2,"column":111},"end":{"line":2,"column":1647}},"line":2},"1":{"name":"(anonymous_1)","decl":{"start":{"line":2,"column":586},"end":{"line":2,"column":587}},"loc":{"start":{"line":2,"column":591},"end":{"line":2,"column":881}},"line":2},"2":{"name":"(anonymous_2)","decl":{"start":{"line":2,"column":799},"end":{"line":2,"column":800}},"loc":{"start":{"line":2,"column":805},"end":{"line":2,"column":870}},"line":2},"3":{"name":"(anonymous_3)","decl":{"start":{"line":2,"column":1016},"end":{"line":2,"column":1017}},"loc":{"start":{"line":2,"column":1022},"end":{"line":2,"column":1038}},"line":2},"4":{"name":"(anonymous_4)","decl":{"start":{"line":2,"column":1341},"end":{"line":2,"column":1342}},"loc":{"start":{"line":2,"column":1347},"end":{"line":2,"column":1364}},"line":2},"5":{"name":"MessageDetailScreen","decl":{"start":{"line":3,"column":16},"end":{"line":3,"column":35}},"loc":{"start":{"line":3,"column":119},"end":{"line":3,"column":428}},"line":3}},"branchMap":{"0":{"loc":{"start":{"line":2,"column":370},"end":{"line":2,"column":410}},"type":"cond-expr","locations":[{"start":{"line":2,"column":380},"end":{"line":2,"column":401}},{"start":{"line":2,"column":404},"end":{"line":2,"column":410}}],"line":2}},"s":{"0":15,"1":15,"2":15,"3":15,"4":30,"5":1,"6":5,"7":3,"8":3,"9":3,"10":5},"f":{"0":15,"1":30,"2":1,"3":5,"4":3,"5":3},"b":{"0":[5,10]},"_coverageSchema":"1a1c01bbd47fc00a2c39e90264f33305004495a9","hash":"01d79eeafaf1575b60d9bf618a413e7e57c2d093"},"/Users/terenceboyce/tmp/week6-rn-accessibility/mobile-react-native-app/src/navigation/RootNavigator.tsx":{"path":"/Users/terenceboyce/tmp/week6-rn-accessibility/mobile-react-native-app/src/navigation/RootNavigator.tsx","statementMap":{"0":{"start":{"line":18,"column":14},"end":{"line":18,"column":54}},"1":{"start":{"line":18,"column":69},"end":{"line":18,"column":106}},"2":{"start":{"line":19,"column":119},"end":{"line":19,"column":309}},"3":{"start":{"line":20,"column":52},"end":{"line":20,"column":63}},"4":{"start":{"line":20,"column":65},"end":{"line":20,"column":993}},"5":{"start":{"line":20,"column":119},"end":{"line":20,"column":662}},"6":{"start":{"line":20,"column":494},"end":{"line":20,"column":660}},"7":{"start":{"line":21,"column":97},"end":{"line":21,"column":105}},"8":{"start":{"line":21,"column":107},"end":{"line":21,"column":327}},"9":{"start":{"line":21,"column":121},"end":{"line":21,"column":327}},"10":{"start":{"line":21,"column":328},"end":{"line":21,"column":386}},"11":{"start":{"line":21,"column":362},"end":{"line":21,"column":386}},"12":{"start":{"line":21,"column":387},"end":{"line":21,"column":467}},"13":{"start":{"line":21,"column":430},"end":{"line":21,"column":467}},"14":{"start":{"line":21,"column":468},"end":{"line":21,"column":1206}},"15":{"start":{"line":22,"column":15},"end":{"line":22,"column":392}}},"fnMap":{"0":{"name":"TabIcon","decl":{"start":{"line":19,"column":9},"end":{"line":19,"column":16}},"loc":{"start":{"line":19,"column":117},"end":{"line":19,"column":311}},"line":19},"1":{"name":"Workspace","decl":{"start":{"line":20,"column":9},"end":{"line":20,"column":18}},"loc":{"start":{"line":20,"column":40},"end":{"line":20,"column":995}},"line":20},"2":{"name":"(anonymous_2)","decl":{"start":{"line":20,"column":103},"end":{"line":20,"column":104}},"loc":{"start":{"line":20,"column":119},"end":{"line":20,"column":662}},"line":20},"3":{"name":"(anonymous_3)","decl":{"start":{"line":20,"column":470},"end":{"line":20,"column":471}},"loc":{"start":{"line":20,"column":494},"end":{"line":20,"column":660}},"line":20},"4":{"name":"RootNavigator","decl":{"start":{"line":21,"column":16},"end":{"line":21,"column":29}},"loc":{"start":{"line":21,"column":51},"end":{"line":21,"column":1208}},"line":21}},"branchMap":{"0":{"loc":{"start":{"line":19,"column":159},"end":{"line":19,"column":189}},"type":"binary-expr","locations":[{"start":{"line":19,"column":159},"end":{"line":19,"column":166}},{"start":{"line":19,"column":170},"end":{"line":19,"column":189}}],"line":19},"1":{"loc":{"start":{"line":19,"column":259},"end":{"line":19,"column":282}},"type":"cond-expr","locations":[{"start":{"line":19,"column":269},"end":{"line":19,"column":274}},{"start":{"line":19,"column":277},"end":{"line":19,"column":282}}],"line":19},"2":{"loc":{"start":{"line":21,"column":107},"end":{"line":21,"column":327}},"type":"if","locations":[{"start":{"line":21,"column":107},"end":{"line":21,"column":327}},{"start":{},"end":{}}],"line":21},"3":{"loc":{"start":{"line":21,"column":328},"end":{"line":21,"column":386}},"type":"if","locations":[{"start":{"line":21,"column":328},"end":{"line":21,"column":386}},{"start":{},"end":{}}],"line":21},"4":{"loc":{"start":{"line":21,"column":387},"end":{"line":21,"column":467}},"type":"if","locations":[{"start":{"line":21,"column":387},"end":{"line":21,"column":467}},{"start":{},"end":{}}],"line":21},"5":{"loc":{"start":{"line":21,"column":520},"end":{"line":21,"column":563}},"type":"cond-expr","locations":[{"start":{"line":21,"column":545},"end":{"line":21,"column":551}},{"start":{"line":21,"column":554},"end":{"line":21,"column":563}}],"line":21}},"s":{"0":3,"1":3,"2":80,"3":5,"4":5,"5":60,"6":80,"7":15,"8":15,"9":3,"10":12,"11":5,"12":7,"13":0,"14":7,"15":3},"f":{"0":80,"1":5,"2":60,"3":80,"4":15},"b":{"0":[80,40],"1":[40,40],"2":[3,12],"3":[5,7],"4":[0,7],"5":[6,1]},"_coverageSchema":"1a1c01bbd47fc00a2c39e90264f33305004495a9","hash":"c4eec40bd59dadd9ea763b4a5639e01c0753fb10"},"/Users/terenceboyce/tmp/week6-rn-accessibility/mobile-react-native-app/App.tsx":{"path":"/Users/terenceboyce/tmp/week6-rn-accessibility/mobile-react-native-app/App.tsx","statementMap":{"0":{"start":{"line":9,"column":23},"end":{"line":9,"column":31}},"1":{"start":{"line":10,"column":22},"end":{"line":10,"column":38}},"2":{"start":{"line":11,"column":18},"end":{"line":11,"column":102}},"3":{"start":{"line":12,"column":20},"end":{"line":12,"column":190}},"4":{"start":{"line":13,"column":21},"end":{"line":13,"column":197}},"5":{"start":{"line":14,"column":2},"end":{"line":14,"column":111}},"6":{"start":{"line":18,"column":2},"end":{"line":18,"column":89}}},"fnMap":{"0":{"name":"CareConnect","decl":{"start":{"line":8,"column":9},"end":{"line":8,"column":20}},"loc":{"start":{"line":8,"column":42},"end":{"line":15,"column":1}},"line":8},"1":{"name":"App","decl":{"start":{"line":17,"column":24},"end":{"line":17,"column":27}},"loc":{"start":{"line":17,"column":49},"end":{"line":19,"column":1}},"line":17}},"branchMap":{"0":{"loc":{"start":{"line":11,"column":18},"end":{"line":11,"column":102}},"type":"binary-expr","locations":[{"start":{"line":11,"column":18},"end":{"line":11,"column":43}},{"start":{"line":11,"column":48},"end":{"line":11,"column":75}},{"start":{"line":11,"column":79},"end":{"line":11,"column":101}}],"line":11},"1":{"loc":{"start":{"line":14,"column":37},"end":{"line":14,"column":69}},"type":"cond-expr","locations":[{"start":{"line":14,"column":47},"end":{"line":14,"column":56}},{"start":{"line":14,"column":59},"end":{"line":14,"column":69}}],"line":14}},"s":{"0":2,"1":2,"2":2,"3":2,"4":2,"5":2,"6":1},"f":{"0":2,"1":1},"b":{"0":[2,2,2],"1":[0,2]},"_coverageSchema":"1a1c01bbd47fc00a2c39e90264f33305004495a9","hash":"000244e66804164a770f5ef575fd1489b6ae187b"}}}
